2017-10-05 13:21:41,189 INFO [main] o.a.n.b.NotificationServiceManager Successfully loaded the following 0 services: []
2017-10-05 13:21:41,212 INFO [main] org.apache.nifi.bootstrap.RunNiFi Registered no Notification Services for Notification Type NIFI_STARTED
2017-10-05 13:21:41,212 INFO [main] org.apache.nifi.bootstrap.RunNiFi Registered no Notification Services for Notification Type NIFI_STOPPED
2017-10-05 13:21:41,212 INFO [main] org.apache.nifi.bootstrap.RunNiFi Registered no Notification Services for Notification Type NIFI_DIED
2017-10-05 13:21:41,405 INFO [main] org.apache.nifi.bootstrap.Command Starting Apache NiFi...
2017-10-05 13:21:41,406 INFO [main] org.apache.nifi.bootstrap.Command Working Directory: /home/bizruntime/nifi/nifi-1.3.0
2017-10-05 13:21:41,406 INFO [main] org.apache.nifi.bootstrap.Command Command: /usr/lib/jvm/java-8-oracle/bin/java -classpath /home/bizruntime/nifi/nifi-1.3.0/./conf:/home/bizruntime/nifi/nifi-1.3.0/./lib/nifi-framework-api-1.3.0.jar:/home/bizruntime/nifi/nifi-1.3.0/./lib/nifi-properties-1.3.0.jar:/home/bizruntime/nifi/nifi-1.3.0/./lib/jcl-over-slf4j-1.7.25.jar:/home/bizruntime/nifi/nifi-1.3.0/./lib/nifi-nar-utils-1.3.0.jar:/home/bizruntime/nifi/nifi-1.3.0/./lib/nifi-runtime-1.3.0.jar:/home/bizruntime/nifi/nifi-1.3.0/./lib/logback-classic-1.2.3.jar:/home/bizruntime/nifi/nifi-1.3.0/./lib/log4j-over-slf4j-1.7.25.jar:/home/bizruntime/nifi/nifi-1.3.0/./lib/nifi-api-1.3.0.jar:/home/bizruntime/nifi/nifi-1.3.0/./lib/jul-to-slf4j-1.7.25.jar:/home/bizruntime/nifi/nifi-1.3.0/./lib/jetty-schemas-3.1.jar:/home/bizruntime/nifi/nifi-1.3.0/./lib/javax.servlet-api-3.1.0.jar:/home/bizruntime/nifi/nifi-1.3.0/./lib/logback-core-1.2.3.jar:/home/bizruntime/nifi/nifi-1.3.0/./lib/slf4j-api-1.7.25.jar -Dorg.apache.jasper.compiler.disablejsr199=true -Xmx512m -Xms512m -Djava.security.egd=file:/dev/urandom -Dsun.net.http.allowRestrictedHeaders=true -Djava.net.preferIPv4Stack=true -Djava.awt.headless=true -XX:+UseG1GC -Djava.protocol.handler.pkgs=sun.net.www.protocol -Dnifi.properties.file.path=/home/bizruntime/nifi/nifi-1.3.0/./conf/nifi.properties -Dnifi.bootstrap.listen.port=38796 -Dapp=NiFi -Dorg.apache.nifi.bootstrap.config.log.dir=/home/bizruntime/nifi/nifi-1.3.0/logs org.apache.nifi.NiFi 
2017-10-05 13:21:41,696 INFO [main] org.apache.nifi.bootstrap.Command Launched Apache NiFi with Process ID 4790
2017-10-05 13:21:45,836 INFO [NiFi Bootstrap Command Listener] org.apache.nifi.bootstrap.RunNiFi Apache NiFi now running and listening for Bootstrap requests on port 41139
2017-10-05 13:37:55,194 INFO [main] o.a.n.b.NotificationServiceManager Successfully loaded the following 0 services: []
2017-10-05 13:37:55,204 INFO [main] org.apache.nifi.bootstrap.RunNiFi Registered no Notification Services for Notification Type NIFI_STARTED
2017-10-05 13:37:55,204 INFO [main] org.apache.nifi.bootstrap.RunNiFi Registered no Notification Services for Notification Type NIFI_STOPPED
2017-10-05 13:37:55,204 INFO [main] org.apache.nifi.bootstrap.RunNiFi Registered no Notification Services for Notification Type NIFI_DIED
2017-10-05 13:37:56,227 INFO [main] org.apache.nifi.bootstrap.Command Apache NiFi has accepted the Shutdown Command and is shutting down now
2017-10-05 13:37:56,258 INFO [main] org.apache.nifi.bootstrap.Command Waiting for Apache NiFi to finish shutting down...
2017-10-05 13:37:56,853 INFO [main] org.apache.nifi.bootstrap.RunNiFi A shutdown was initiated. Will not restart NiFi
2017-10-05 13:37:58,261 INFO [main] org.apache.nifi.bootstrap.Command NiFi has finished shutting down.
2017-10-05 13:38:01,755 INFO [main] o.a.n.b.NotificationServiceManager Successfully loaded the following 0 services: []
2017-10-05 13:38:01,757 INFO [main] org.apache.nifi.bootstrap.RunNiFi Registered no Notification Services for Notification Type NIFI_STARTED
2017-10-05 13:38:01,757 INFO [main] org.apache.nifi.bootstrap.RunNiFi Registered no Notification Services for Notification Type NIFI_STOPPED
2017-10-05 13:38:01,757 INFO [main] org.apache.nifi.bootstrap.RunNiFi Registered no Notification Services for Notification Type NIFI_DIED
2017-10-05 13:38:01,766 INFO [main] org.apache.nifi.bootstrap.Command Starting Apache NiFi...
2017-10-05 13:38:01,767 INFO [main] org.apache.nifi.bootstrap.Command Working Directory: /home/bizruntime/nifi/nifi-1.3.0
2017-10-05 13:38:01,768 INFO [main] org.apache.nifi.bootstrap.Command Command: /usr/lib/jvm/java-8-oracle/bin/java -classpath /home/bizruntime/nifi/nifi-1.3.0/./conf:/home/bizruntime/nifi/nifi-1.3.0/./lib/nifi-framework-api-1.3.0.jar:/home/bizruntime/nifi/nifi-1.3.0/./lib/nifi-properties-1.3.0.jar:/home/bizruntime/nifi/nifi-1.3.0/./lib/jcl-over-slf4j-1.7.25.jar:/home/bizruntime/nifi/nifi-1.3.0/./lib/nifi-nar-utils-1.3.0.jar:/home/bizruntime/nifi/nifi-1.3.0/./lib/nifi-runtime-1.3.0.jar:/home/bizruntime/nifi/nifi-1.3.0/./lib/logback-classic-1.2.3.jar:/home/bizruntime/nifi/nifi-1.3.0/./lib/log4j-over-slf4j-1.7.25.jar:/home/bizruntime/nifi/nifi-1.3.0/./lib/nifi-api-1.3.0.jar:/home/bizruntime/nifi/nifi-1.3.0/./lib/jul-to-slf4j-1.7.25.jar:/home/bizruntime/nifi/nifi-1.3.0/./lib/jetty-schemas-3.1.jar:/home/bizruntime/nifi/nifi-1.3.0/./lib/javax.servlet-api-3.1.0.jar:/home/bizruntime/nifi/nifi-1.3.0/./lib/logback-core-1.2.3.jar:/home/bizruntime/nifi/nifi-1.3.0/./lib/slf4j-api-1.7.25.jar -Dorg.apache.jasper.compiler.disablejsr199=true -Xmx512m -Xms512m -Djava.security.egd=file:/dev/urandom -Dsun.net.http.allowRestrictedHeaders=true -Djava.net.preferIPv4Stack=true -Djava.awt.headless=true -XX:+UseG1GC -Djava.protocol.handler.pkgs=sun.net.www.protocol -Dnifi.properties.file.path=/home/bizruntime/nifi/nifi-1.3.0/./conf/nifi.properties -Dnifi.bootstrap.listen.port=44075 -Dapp=NiFi -Dorg.apache.nifi.bootstrap.config.log.dir=/home/bizruntime/nifi/nifi-1.3.0/logs org.apache.nifi.NiFi 
2017-10-05 13:38:01,838 INFO [main] org.apache.nifi.bootstrap.Command Launched Apache NiFi with Process ID 5094
2017-10-05 13:38:02,656 INFO [NiFi Bootstrap Command Listener] org.apache.nifi.bootstrap.RunNiFi Apache NiFi now running and listening for Bootstrap requests on port 40125
2017-10-05 13:40:00,905 INFO [main] o.a.n.b.NotificationServiceManager Successfully loaded the following 0 services: []
2017-10-05 13:40:00,907 INFO [main] org.apache.nifi.bootstrap.RunNiFi Registered no Notification Services for Notification Type NIFI_STARTED
2017-10-05 13:40:00,907 INFO [main] org.apache.nifi.bootstrap.RunNiFi Registered no Notification Services for Notification Type NIFI_STOPPED
2017-10-05 13:40:00,907 INFO [main] org.apache.nifi.bootstrap.RunNiFi Registered no Notification Services for Notification Type NIFI_DIED
2017-10-05 13:40:01,475 INFO [main] org.apache.nifi.bootstrap.Command Apache NiFi has accepted the Shutdown Command and is shutting down now
2017-10-05 13:40:01,547 INFO [main] org.apache.nifi.bootstrap.Command Waiting for Apache NiFi to finish shutting down...
2017-10-05 13:40:02,853 INFO [main] org.apache.nifi.bootstrap.RunNiFi A shutdown was initiated. Will not restart NiFi
2017-10-05 13:40:03,550 INFO [main] org.apache.nifi.bootstrap.Command NiFi has finished shutting down.
2017-10-05 13:40:07,020 INFO [main] o.a.n.b.NotificationServiceManager Successfully loaded the following 0 services: []
2017-10-05 13:40:07,022 INFO [main] org.apache.nifi.bootstrap.RunNiFi Registered no Notification Services for Notification Type NIFI_STARTED
2017-10-05 13:40:07,022 INFO [main] org.apache.nifi.bootstrap.RunNiFi Registered no Notification Services for Notification Type NIFI_STOPPED
2017-10-05 13:40:07,022 INFO [main] org.apache.nifi.bootstrap.RunNiFi Registered no Notification Services for Notification Type NIFI_DIED
2017-10-05 13:40:07,033 INFO [main] org.apache.nifi.bootstrap.Command Starting Apache NiFi...
2017-10-05 13:40:07,033 INFO [main] org.apache.nifi.bootstrap.Command Working Directory: /home/bizruntime/nifi/nifi-1.3.0
2017-10-05 13:40:07,033 INFO [main] org.apache.nifi.bootstrap.Command Command: /usr/lib/jvm/java-8-oracle/bin/java -classpath /home/bizruntime/nifi/nifi-1.3.0/./conf:/home/bizruntime/nifi/nifi-1.3.0/./lib/nifi-framework-api-1.3.0.jar:/home/bizruntime/nifi/nifi-1.3.0/./lib/nifi-properties-1.3.0.jar:/home/bizruntime/nifi/nifi-1.3.0/./lib/jcl-over-slf4j-1.7.25.jar:/home/bizruntime/nifi/nifi-1.3.0/./lib/nifi-nar-utils-1.3.0.jar:/home/bizruntime/nifi/nifi-1.3.0/./lib/nifi-runtime-1.3.0.jar:/home/bizruntime/nifi/nifi-1.3.0/./lib/logback-classic-1.2.3.jar:/home/bizruntime/nifi/nifi-1.3.0/./lib/log4j-over-slf4j-1.7.25.jar:/home/bizruntime/nifi/nifi-1.3.0/./lib/nifi-api-1.3.0.jar:/home/bizruntime/nifi/nifi-1.3.0/./lib/jul-to-slf4j-1.7.25.jar:/home/bizruntime/nifi/nifi-1.3.0/./lib/jetty-schemas-3.1.jar:/home/bizruntime/nifi/nifi-1.3.0/./lib/javax.servlet-api-3.1.0.jar:/home/bizruntime/nifi/nifi-1.3.0/./lib/logback-core-1.2.3.jar:/home/bizruntime/nifi/nifi-1.3.0/./lib/slf4j-api-1.7.25.jar -Dorg.apache.jasper.compiler.disablejsr199=true -Xmx512m -Xms512m -Djava.security.egd=file:/dev/urandom -Dsun.net.http.allowRestrictedHeaders=true -Djava.net.preferIPv4Stack=true -Djava.awt.headless=true -XX:+UseG1GC -Djava.protocol.handler.pkgs=sun.net.www.protocol -Dnifi.properties.file.path=/home/bizruntime/nifi/nifi-1.3.0/./conf/nifi.properties -Dnifi.bootstrap.listen.port=46174 -Dapp=NiFi -Dorg.apache.nifi.bootstrap.config.log.dir=/home/bizruntime/nifi/nifi-1.3.0/logs org.apache.nifi.NiFi 
2017-10-05 13:40:07,061 INFO [main] org.apache.nifi.bootstrap.Command Launched Apache NiFi with Process ID 5270
2017-10-05 13:40:07,892 INFO [NiFi Bootstrap Command Listener] org.apache.nifi.bootstrap.RunNiFi Apache NiFi now running and listening for Bootstrap requests on port 37355
2017-10-05 13:44:20,581 INFO [main] o.a.n.b.NotificationServiceManager Successfully loaded the following 0 services: []
2017-10-05 13:44:20,585 INFO [main] org.apache.nifi.bootstrap.RunNiFi Registered no Notification Services for Notification Type NIFI_STARTED
2017-10-05 13:44:20,585 INFO [main] org.apache.nifi.bootstrap.RunNiFi Registered no Notification Services for Notification Type NIFI_STOPPED
2017-10-05 13:44:20,585 INFO [main] org.apache.nifi.bootstrap.RunNiFi Registered no Notification Services for Notification Type NIFI_DIED
2017-10-05 13:44:21,452 INFO [main] org.apache.nifi.bootstrap.Command Apache NiFi has accepted the Shutdown Command and is shutting down now
2017-10-05 13:44:21,494 INFO [main] org.apache.nifi.bootstrap.Command Waiting for Apache NiFi to finish shutting down...
2017-10-05 13:44:22,093 INFO [main] org.apache.nifi.bootstrap.RunNiFi A shutdown was initiated. Will not restart NiFi
2017-10-05 13:44:23,498 INFO [main] org.apache.nifi.bootstrap.Command NiFi has finished shutting down.
2017-10-05 13:44:27,007 INFO [main] o.a.n.b.NotificationServiceManager Successfully loaded the following 0 services: []
2017-10-05 13:44:27,009 INFO [main] org.apache.nifi.bootstrap.RunNiFi Registered no Notification Services for Notification Type NIFI_STARTED
2017-10-05 13:44:27,009 INFO [main] org.apache.nifi.bootstrap.RunNiFi Registered no Notification Services for Notification Type NIFI_STOPPED
2017-10-05 13:44:27,009 INFO [main] org.apache.nifi.bootstrap.RunNiFi Registered no Notification Services for Notification Type NIFI_DIED
2017-10-05 13:44:27,029 INFO [main] org.apache.nifi.bootstrap.Command Starting Apache NiFi...
2017-10-05 13:44:27,030 INFO [main] org.apache.nifi.bootstrap.Command Working Directory: /home/bizruntime/nifi/nifi-1.3.0
2017-10-05 13:44:27,030 INFO [main] org.apache.nifi.bootstrap.Command Command: /usr/lib/jvm/java-8-oracle/bin/java -classpath /home/bizruntime/nifi/nifi-1.3.0/./conf:/home/bizruntime/nifi/nifi-1.3.0/./lib/nifi-framework-api-1.3.0.jar:/home/bizruntime/nifi/nifi-1.3.0/./lib/nifi-properties-1.3.0.jar:/home/bizruntime/nifi/nifi-1.3.0/./lib/jcl-over-slf4j-1.7.25.jar:/home/bizruntime/nifi/nifi-1.3.0/./lib/nifi-nar-utils-1.3.0.jar:/home/bizruntime/nifi/nifi-1.3.0/./lib/nifi-runtime-1.3.0.jar:/home/bizruntime/nifi/nifi-1.3.0/./lib/logback-classic-1.2.3.jar:/home/bizruntime/nifi/nifi-1.3.0/./lib/log4j-over-slf4j-1.7.25.jar:/home/bizruntime/nifi/nifi-1.3.0/./lib/nifi-api-1.3.0.jar:/home/bizruntime/nifi/nifi-1.3.0/./lib/jul-to-slf4j-1.7.25.jar:/home/bizruntime/nifi/nifi-1.3.0/./lib/jetty-schemas-3.1.jar:/home/bizruntime/nifi/nifi-1.3.0/./lib/javax.servlet-api-3.1.0.jar:/home/bizruntime/nifi/nifi-1.3.0/./lib/logback-core-1.2.3.jar:/home/bizruntime/nifi/nifi-1.3.0/./lib/slf4j-api-1.7.25.jar -Dorg.apache.jasper.compiler.disablejsr199=true -Xmx512m -Xms512m -Djava.security.egd=file:/dev/urandom -Dsun.net.http.allowRestrictedHeaders=true -Djava.net.preferIPv4Stack=true -Djava.awt.headless=true -XX:+UseG1GC -Djava.protocol.handler.pkgs=sun.net.www.protocol -Dnifi.properties.file.path=/home/bizruntime/nifi/nifi-1.3.0/./conf/nifi.properties -Dnifi.bootstrap.listen.port=46773 -Dapp=NiFi -Dorg.apache.nifi.bootstrap.config.log.dir=/home/bizruntime/nifi/nifi-1.3.0/logs org.apache.nifi.NiFi 
2017-10-05 13:44:27,070 INFO [main] org.apache.nifi.bootstrap.Command Launched Apache NiFi with Process ID 5467
2017-10-05 13:44:28,091 INFO [NiFi Bootstrap Command Listener] org.apache.nifi.bootstrap.RunNiFi Apache NiFi now running and listening for Bootstrap requests on port 41006
2017-10-05 13:47:25,373 INFO [main] o.a.n.b.NotificationServiceManager Successfully loaded the following 0 services: []
2017-10-05 13:47:25,375 INFO [main] org.apache.nifi.bootstrap.RunNiFi Registered no Notification Services for Notification Type NIFI_STARTED
2017-10-05 13:47:25,375 INFO [main] org.apache.nifi.bootstrap.RunNiFi Registered no Notification Services for Notification Type NIFI_STOPPED
2017-10-05 13:47:25,375 INFO [main] org.apache.nifi.bootstrap.RunNiFi Registered no Notification Services for Notification Type NIFI_DIED
2017-10-05 13:47:26,283 INFO [main] org.apache.nifi.bootstrap.Command Apache NiFi has accepted the Shutdown Command and is shutting down now
2017-10-05 13:47:26,311 INFO [main] org.apache.nifi.bootstrap.Command Waiting for Apache NiFi to finish shutting down...
2017-10-05 13:47:27,108 INFO [main] org.apache.nifi.bootstrap.RunNiFi A shutdown was initiated. Will not restart NiFi
2017-10-05 13:47:28,315 INFO [main] org.apache.nifi.bootstrap.Command NiFi has finished shutting down.
2017-10-05 13:47:31,804 INFO [main] o.a.n.b.NotificationServiceManager Successfully loaded the following 0 services: []
2017-10-05 13:47:31,806 INFO [main] org.apache.nifi.bootstrap.RunNiFi Registered no Notification Services for Notification Type NIFI_STARTED
2017-10-05 13:47:31,806 INFO [main] org.apache.nifi.bootstrap.RunNiFi Registered no Notification Services for Notification Type NIFI_STOPPED
2017-10-05 13:47:31,806 INFO [main] org.apache.nifi.bootstrap.RunNiFi Registered no Notification Services for Notification Type NIFI_DIED
2017-10-05 13:47:31,817 INFO [main] org.apache.nifi.bootstrap.Command Starting Apache NiFi...
2017-10-05 13:47:31,817 INFO [main] org.apache.nifi.bootstrap.Command Working Directory: /home/bizruntime/nifi/nifi-1.3.0
2017-10-05 13:47:31,817 INFO [main] org.apache.nifi.bootstrap.Command Command: /usr/lib/jvm/java-8-oracle/bin/java -classpath /home/bizruntime/nifi/nifi-1.3.0/./conf:/home/bizruntime/nifi/nifi-1.3.0/./lib/nifi-framework-api-1.3.0.jar:/home/bizruntime/nifi/nifi-1.3.0/./lib/nifi-properties-1.3.0.jar:/home/bizruntime/nifi/nifi-1.3.0/./lib/jcl-over-slf4j-1.7.25.jar:/home/bizruntime/nifi/nifi-1.3.0/./lib/nifi-nar-utils-1.3.0.jar:/home/bizruntime/nifi/nifi-1.3.0/./lib/nifi-runtime-1.3.0.jar:/home/bizruntime/nifi/nifi-1.3.0/./lib/logback-classic-1.2.3.jar:/home/bizruntime/nifi/nifi-1.3.0/./lib/log4j-over-slf4j-1.7.25.jar:/home/bizruntime/nifi/nifi-1.3.0/./lib/nifi-api-1.3.0.jar:/home/bizruntime/nifi/nifi-1.3.0/./lib/jul-to-slf4j-1.7.25.jar:/home/bizruntime/nifi/nifi-1.3.0/./lib/jetty-schemas-3.1.jar:/home/bizruntime/nifi/nifi-1.3.0/./lib/javax.servlet-api-3.1.0.jar:/home/bizruntime/nifi/nifi-1.3.0/./lib/logback-core-1.2.3.jar:/home/bizruntime/nifi/nifi-1.3.0/./lib/slf4j-api-1.7.25.jar -Dorg.apache.jasper.compiler.disablejsr199=true -Xmx512m -Xms512m -Djava.security.egd=file:/dev/urandom -Dsun.net.http.allowRestrictedHeaders=true -Djava.net.preferIPv4Stack=true -Djava.awt.headless=true -XX:+UseG1GC -Djava.protocol.handler.pkgs=sun.net.www.protocol -Dnifi.properties.file.path=/home/bizruntime/nifi/nifi-1.3.0/./conf/nifi.properties -Dnifi.bootstrap.listen.port=37742 -Dapp=NiFi -Dorg.apache.nifi.bootstrap.config.log.dir=/home/bizruntime/nifi/nifi-1.3.0/logs org.apache.nifi.NiFi 
2017-10-05 13:47:31,833 INFO [main] org.apache.nifi.bootstrap.Command Launched Apache NiFi with Process ID 5666
2017-10-05 13:47:32,647 INFO [NiFi Bootstrap Command Listener] org.apache.nifi.bootstrap.RunNiFi Apache NiFi now running and listening for Bootstrap requests on port 41246
2017-10-05 13:48:36,098 INFO [main] o.a.n.b.NotificationServiceManager Successfully loaded the following 0 services: []
2017-10-05 13:48:36,101 INFO [main] org.apache.nifi.bootstrap.RunNiFi Registered no Notification Services for Notification Type NIFI_STARTED
2017-10-05 13:48:36,101 INFO [main] org.apache.nifi.bootstrap.RunNiFi Registered no Notification Services for Notification Type NIFI_STOPPED
2017-10-05 13:48:36,101 INFO [main] org.apache.nifi.bootstrap.RunNiFi Registered no Notification Services for Notification Type NIFI_DIED
2017-10-05 13:48:36,441 INFO [main] org.apache.nifi.bootstrap.Command Apache NiFi has accepted the Shutdown Command and is shutting down now
2017-10-05 13:48:36,474 INFO [main] org.apache.nifi.bootstrap.Command Waiting for Apache NiFi to finish shutting down...
2017-10-05 13:48:37,844 INFO [main] org.apache.nifi.bootstrap.RunNiFi A shutdown was initiated. Will not restart NiFi
2017-10-05 13:48:38,477 INFO [main] org.apache.nifi.bootstrap.Command NiFi has finished shutting down.
2017-10-05 13:48:41,948 INFO [main] o.a.n.b.NotificationServiceManager Successfully loaded the following 0 services: []
2017-10-05 13:48:41,950 INFO [main] org.apache.nifi.bootstrap.RunNiFi Registered no Notification Services for Notification Type NIFI_STARTED
2017-10-05 13:48:41,950 INFO [main] org.apache.nifi.bootstrap.RunNiFi Registered no Notification Services for Notification Type NIFI_STOPPED
2017-10-05 13:48:41,950 INFO [main] org.apache.nifi.bootstrap.RunNiFi Registered no Notification Services for Notification Type NIFI_DIED
2017-10-05 13:48:41,961 INFO [main] org.apache.nifi.bootstrap.Command Starting Apache NiFi...
2017-10-05 13:48:41,961 INFO [main] org.apache.nifi.bootstrap.Command Working Directory: /home/bizruntime/nifi/nifi-1.3.0
2017-10-05 13:48:41,961 INFO [main] org.apache.nifi.bootstrap.Command Command: /usr/lib/jvm/java-8-oracle/bin/java -classpath /home/bizruntime/nifi/nifi-1.3.0/./conf:/home/bizruntime/nifi/nifi-1.3.0/./lib/nifi-framework-api-1.3.0.jar:/home/bizruntime/nifi/nifi-1.3.0/./lib/nifi-properties-1.3.0.jar:/home/bizruntime/nifi/nifi-1.3.0/./lib/jcl-over-slf4j-1.7.25.jar:/home/bizruntime/nifi/nifi-1.3.0/./lib/nifi-nar-utils-1.3.0.jar:/home/bizruntime/nifi/nifi-1.3.0/./lib/nifi-runtime-1.3.0.jar:/home/bizruntime/nifi/nifi-1.3.0/./lib/logback-classic-1.2.3.jar:/home/bizruntime/nifi/nifi-1.3.0/./lib/log4j-over-slf4j-1.7.25.jar:/home/bizruntime/nifi/nifi-1.3.0/./lib/nifi-api-1.3.0.jar:/home/bizruntime/nifi/nifi-1.3.0/./lib/jul-to-slf4j-1.7.25.jar:/home/bizruntime/nifi/nifi-1.3.0/./lib/jetty-schemas-3.1.jar:/home/bizruntime/nifi/nifi-1.3.0/./lib/javax.servlet-api-3.1.0.jar:/home/bizruntime/nifi/nifi-1.3.0/./lib/logback-core-1.2.3.jar:/home/bizruntime/nifi/nifi-1.3.0/./lib/slf4j-api-1.7.25.jar -Dorg.apache.jasper.compiler.disablejsr199=true -Xmx512m -Xms512m -Djava.security.egd=file:/dev/urandom -Dsun.net.http.allowRestrictedHeaders=true -Djava.net.preferIPv4Stack=true -Djava.awt.headless=true -XX:+UseG1GC -Djava.protocol.handler.pkgs=sun.net.www.protocol -Dnifi.properties.file.path=/home/bizruntime/nifi/nifi-1.3.0/./conf/nifi.properties -Dnifi.bootstrap.listen.port=37229 -Dapp=NiFi -Dorg.apache.nifi.bootstrap.config.log.dir=/home/bizruntime/nifi/nifi-1.3.0/logs org.apache.nifi.NiFi 
2017-10-05 13:48:41,980 INFO [main] org.apache.nifi.bootstrap.Command Launched Apache NiFi with Process ID 5839
2017-10-05 13:48:42,828 INFO [NiFi Bootstrap Command Listener] org.apache.nifi.bootstrap.RunNiFi Apache NiFi now running and listening for Bootstrap requests on port 33790
2017-10-05 13:52:40,548 INFO [main] o.a.n.b.NotificationServiceManager Successfully loaded the following 0 services: []
2017-10-05 13:52:40,569 INFO [main] org.apache.nifi.bootstrap.RunNiFi Registered no Notification Services for Notification Type NIFI_STARTED
2017-10-05 13:52:40,569 INFO [main] org.apache.nifi.bootstrap.RunNiFi Registered no Notification Services for Notification Type NIFI_STOPPED
2017-10-05 13:52:40,569 INFO [main] org.apache.nifi.bootstrap.RunNiFi Registered no Notification Services for Notification Type NIFI_DIED
2017-10-05 13:52:40,988 INFO [main] org.apache.nifi.bootstrap.Command Apache NiFi has accepted the Shutdown Command and is shutting down now
2017-10-05 13:52:41,027 INFO [main] org.apache.nifi.bootstrap.Command Waiting for Apache NiFi to finish shutting down...
2017-10-05 13:52:42,281 INFO [main] org.apache.nifi.bootstrap.RunNiFi A shutdown was initiated. Will not restart NiFi
2017-10-05 13:52:43,031 INFO [main] org.apache.nifi.bootstrap.Command NiFi has finished shutting down.
2017-10-05 13:52:46,507 INFO [main] o.a.n.b.NotificationServiceManager Successfully loaded the following 0 services: []
2017-10-05 13:52:46,509 INFO [main] org.apache.nifi.bootstrap.RunNiFi Registered no Notification Services for Notification Type NIFI_STARTED
2017-10-05 13:52:46,509 INFO [main] org.apache.nifi.bootstrap.RunNiFi Registered no Notification Services for Notification Type NIFI_STOPPED
2017-10-05 13:52:46,509 INFO [main] org.apache.nifi.bootstrap.RunNiFi Registered no Notification Services for Notification Type NIFI_DIED
2017-10-05 13:52:46,596 INFO [main] org.apache.nifi.bootstrap.Command Starting Apache NiFi...
2017-10-05 13:52:46,597 INFO [main] org.apache.nifi.bootstrap.Command Working Directory: /home/bizruntime/nifi/nifi-1.3.0
2017-10-05 13:52:46,597 INFO [main] org.apache.nifi.bootstrap.Command Command: /usr/lib/jvm/java-8-oracle/bin/java -classpath /home/bizruntime/nifi/nifi-1.3.0/./conf:/home/bizruntime/nifi/nifi-1.3.0/./lib/nifi-framework-api-1.3.0.jar:/home/bizruntime/nifi/nifi-1.3.0/./lib/nifi-properties-1.3.0.jar:/home/bizruntime/nifi/nifi-1.3.0/./lib/jcl-over-slf4j-1.7.25.jar:/home/bizruntime/nifi/nifi-1.3.0/./lib/nifi-nar-utils-1.3.0.jar:/home/bizruntime/nifi/nifi-1.3.0/./lib/nifi-runtime-1.3.0.jar:/home/bizruntime/nifi/nifi-1.3.0/./lib/logback-classic-1.2.3.jar:/home/bizruntime/nifi/nifi-1.3.0/./lib/log4j-over-slf4j-1.7.25.jar:/home/bizruntime/nifi/nifi-1.3.0/./lib/nifi-api-1.3.0.jar:/home/bizruntime/nifi/nifi-1.3.0/./lib/jul-to-slf4j-1.7.25.jar:/home/bizruntime/nifi/nifi-1.3.0/./lib/jetty-schemas-3.1.jar:/home/bizruntime/nifi/nifi-1.3.0/./lib/javax.servlet-api-3.1.0.jar:/home/bizruntime/nifi/nifi-1.3.0/./lib/logback-core-1.2.3.jar:/home/bizruntime/nifi/nifi-1.3.0/./lib/slf4j-api-1.7.25.jar -Dorg.apache.jasper.compiler.disablejsr199=true -Xmx512m -Xms512m -Djava.security.egd=file:/dev/urandom -Dsun.net.http.allowRestrictedHeaders=true -Djava.net.preferIPv4Stack=true -Djava.awt.headless=true -XX:+UseG1GC -Djava.protocol.handler.pkgs=sun.net.www.protocol -Dnifi.properties.file.path=/home/bizruntime/nifi/nifi-1.3.0/./conf/nifi.properties -Dnifi.bootstrap.listen.port=37567 -Dapp=NiFi -Dorg.apache.nifi.bootstrap.config.log.dir=/home/bizruntime/nifi/nifi-1.3.0/logs org.apache.nifi.NiFi 
2017-10-05 13:52:46,647 INFO [main] org.apache.nifi.bootstrap.Command Launched Apache NiFi with Process ID 6028
2017-10-05 13:52:47,528 INFO [NiFi Bootstrap Command Listener] org.apache.nifi.bootstrap.RunNiFi Apache NiFi now running and listening for Bootstrap requests on port 42104
2017-10-05 13:53:20,227 ERROR [NiFi logging handler] org.apache.nifi.StdErr Failed to start web server: Error creating bean with name 'niFiWebApiSecurityConfiguration': Injection of autowired dependencies failed; nested exception is org.springframework.beans.factory.BeanCreationException: Could not autowire method: public void org.apache.nifi.web.NiFiWebApiSecurityConfiguration.setX509AuthenticationProvider(org.apache.nifi.web.security.x509.X509AuthenticationProvider); nested exception is org.springframework.beans.factory.BeanCreationException: Error creating bean with name 'x509AuthenticationProvider' defined in class path resource [nifi-web-security-context.xml]: Cannot resolve reference to bean 'authorizer' while setting constructor argument; nested exception is org.springframework.beans.factory.BeanCreationException: Error creating bean with name 'authorizer': FactoryBean threw exception on object creation; nested exception is java.lang.Exception: Unable to load the authorizer configuration file at: /home/bizruntime/nifi/nifi-1.3.0/./conf/authorizers.xml
2017-10-05 13:53:20,248 ERROR [NiFi logging handler] org.apache.nifi.StdErr Shutting down...
2017-10-05 13:53:20,652 INFO [main] org.apache.nifi.bootstrap.RunNiFi NiFi never started. Will not restart NiFi
2017-10-05 13:55:06,521 INFO [main] o.a.n.b.NotificationServiceManager Successfully loaded the following 0 services: []
2017-10-05 13:55:06,524 INFO [main] org.apache.nifi.bootstrap.RunNiFi Registered no Notification Services for Notification Type NIFI_STARTED
2017-10-05 13:55:06,524 INFO [main] org.apache.nifi.bootstrap.RunNiFi Registered no Notification Services for Notification Type NIFI_STOPPED
2017-10-05 13:55:06,524 INFO [main] org.apache.nifi.bootstrap.RunNiFi Registered no Notification Services for Notification Type NIFI_DIED
2017-10-05 13:55:06,555 INFO [main] org.apache.nifi.bootstrap.Command Apache NiFi is not currently running
2017-10-05 13:55:10,029 INFO [main] o.a.n.b.NotificationServiceManager Successfully loaded the following 0 services: []
2017-10-05 13:55:10,031 INFO [main] org.apache.nifi.bootstrap.RunNiFi Registered no Notification Services for Notification Type NIFI_STARTED
2017-10-05 13:55:10,031 INFO [main] org.apache.nifi.bootstrap.RunNiFi Registered no Notification Services for Notification Type NIFI_STOPPED
2017-10-05 13:55:10,031 INFO [main] org.apache.nifi.bootstrap.RunNiFi Registered no Notification Services for Notification Type NIFI_DIED
2017-10-05 13:55:10,057 INFO [main] org.apache.nifi.bootstrap.Command Starting Apache NiFi...
2017-10-05 13:55:10,057 INFO [main] org.apache.nifi.bootstrap.Command Working Directory: /home/bizruntime/nifi/nifi-1.3.0
2017-10-05 13:55:10,057 INFO [main] org.apache.nifi.bootstrap.Command Command: /usr/lib/jvm/java-8-oracle/bin/java -classpath /home/bizruntime/nifi/nifi-1.3.0/./conf:/home/bizruntime/nifi/nifi-1.3.0/./lib/nifi-framework-api-1.3.0.jar:/home/bizruntime/nifi/nifi-1.3.0/./lib/nifi-properties-1.3.0.jar:/home/bizruntime/nifi/nifi-1.3.0/./lib/jcl-over-slf4j-1.7.25.jar:/home/bizruntime/nifi/nifi-1.3.0/./lib/nifi-nar-utils-1.3.0.jar:/home/bizruntime/nifi/nifi-1.3.0/./lib/nifi-runtime-1.3.0.jar:/home/bizruntime/nifi/nifi-1.3.0/./lib/logback-classic-1.2.3.jar:/home/bizruntime/nifi/nifi-1.3.0/./lib/log4j-over-slf4j-1.7.25.jar:/home/bizruntime/nifi/nifi-1.3.0/./lib/nifi-api-1.3.0.jar:/home/bizruntime/nifi/nifi-1.3.0/./lib/jul-to-slf4j-1.7.25.jar:/home/bizruntime/nifi/nifi-1.3.0/./lib/jetty-schemas-3.1.jar:/home/bizruntime/nifi/nifi-1.3.0/./lib/javax.servlet-api-3.1.0.jar:/home/bizruntime/nifi/nifi-1.3.0/./lib/logback-core-1.2.3.jar:/home/bizruntime/nifi/nifi-1.3.0/./lib/slf4j-api-1.7.25.jar -Dorg.apache.jasper.compiler.disablejsr199=true -Xmx512m -Xms512m -Djava.security.egd=file:/dev/urandom -Dsun.net.http.allowRestrictedHeaders=true -Djava.net.preferIPv4Stack=true -Djava.awt.headless=true -XX:+UseG1GC -Djava.protocol.handler.pkgs=sun.net.www.protocol -Dnifi.properties.file.path=/home/bizruntime/nifi/nifi-1.3.0/./conf/nifi.properties -Dnifi.bootstrap.listen.port=43626 -Dapp=NiFi -Dorg.apache.nifi.bootstrap.config.log.dir=/home/bizruntime/nifi/nifi-1.3.0/logs org.apache.nifi.NiFi 
2017-10-05 13:55:10,093 INFO [main] org.apache.nifi.bootstrap.Command Launched Apache NiFi with Process ID 6122
2017-10-05 13:55:10,816 INFO [NiFi Bootstrap Command Listener] org.apache.nifi.bootstrap.RunNiFi Apache NiFi now running and listening for Bootstrap requests on port 34281
2017-10-05 13:55:32,140 ERROR [NiFi logging handler] org.apache.nifi.StdErr Failed to start web server: Error creating bean with name 'niFiWebApiSecurityConfiguration': Injection of autowired dependencies failed; nested exception is org.springframework.beans.factory.BeanCreationException: Could not autowire method: public void org.apache.nifi.web.NiFiWebApiSecurityConfiguration.setX509AuthenticationProvider(org.apache.nifi.web.security.x509.X509AuthenticationProvider); nested exception is org.springframework.beans.factory.BeanCreationException: Error creating bean with name 'x509AuthenticationProvider' defined in class path resource [nifi-web-security-context.xml]: Cannot resolve reference to bean 'authorizer' while setting constructor argument; nested exception is org.springframework.beans.factory.BeanCreationException: Error creating bean with name 'authorizer': FactoryBean threw exception on object creation; nested exception is java.lang.Exception: Unable to load the authorizer configuration file at: /home/bizruntime/nifi/nifi-1.3.0/./conf/authorizers.xml
2017-10-05 13:55:32,182 ERROR [NiFi logging handler] org.apache.nifi.StdErr Shutting down...
2017-10-05 13:55:33,137 INFO [main] org.apache.nifi.bootstrap.RunNiFi NiFi never started. Will not restart NiFi
2017-10-05 13:57:47,439 INFO [main] o.a.n.b.NotificationServiceManager Successfully loaded the following 0 services: []
2017-10-05 13:57:47,441 INFO [main] org.apache.nifi.bootstrap.RunNiFi Registered no Notification Services for Notification Type NIFI_STARTED
2017-10-05 13:57:47,442 INFO [main] org.apache.nifi.bootstrap.RunNiFi Registered no Notification Services for Notification Type NIFI_STOPPED
2017-10-05 13:57:47,442 INFO [main] org.apache.nifi.bootstrap.RunNiFi Registered no Notification Services for Notification Type NIFI_DIED
2017-10-05 13:57:47,481 INFO [main] org.apache.nifi.bootstrap.Command Starting Apache NiFi...
2017-10-05 13:57:47,481 INFO [main] org.apache.nifi.bootstrap.Command Working Directory: /home/bizruntime/nifi/nifi-1.3.0
2017-10-05 13:57:47,482 INFO [main] org.apache.nifi.bootstrap.Command Command: /usr/lib/jvm/java-8-oracle/bin/java -classpath /home/bizruntime/nifi/nifi-1.3.0/./conf:/home/bizruntime/nifi/nifi-1.3.0/./lib/nifi-framework-api-1.3.0.jar:/home/bizruntime/nifi/nifi-1.3.0/./lib/nifi-properties-1.3.0.jar:/home/bizruntime/nifi/nifi-1.3.0/./lib/jcl-over-slf4j-1.7.25.jar:/home/bizruntime/nifi/nifi-1.3.0/./lib/nifi-nar-utils-1.3.0.jar:/home/bizruntime/nifi/nifi-1.3.0/./lib/nifi-runtime-1.3.0.jar:/home/bizruntime/nifi/nifi-1.3.0/./lib/logback-classic-1.2.3.jar:/home/bizruntime/nifi/nifi-1.3.0/./lib/log4j-over-slf4j-1.7.25.jar:/home/bizruntime/nifi/nifi-1.3.0/./lib/nifi-api-1.3.0.jar:/home/bizruntime/nifi/nifi-1.3.0/./lib/jul-to-slf4j-1.7.25.jar:/home/bizruntime/nifi/nifi-1.3.0/./lib/jetty-schemas-3.1.jar:/home/bizruntime/nifi/nifi-1.3.0/./lib/javax.servlet-api-3.1.0.jar:/home/bizruntime/nifi/nifi-1.3.0/./lib/logback-core-1.2.3.jar:/home/bizruntime/nifi/nifi-1.3.0/./lib/slf4j-api-1.7.25.jar -Dorg.apache.jasper.compiler.disablejsr199=true -Xmx512m -Xms512m -Djava.security.egd=file:/dev/urandom -Dsun.net.http.allowRestrictedHeaders=true -Djava.net.preferIPv4Stack=true -Djava.awt.headless=true -XX:+UseG1GC -Djava.protocol.handler.pkgs=sun.net.www.protocol -Dnifi.properties.file.path=/home/bizruntime/nifi/nifi-1.3.0/./conf/nifi.properties -Dnifi.bootstrap.listen.port=37598 -Dapp=NiFi -Dorg.apache.nifi.bootstrap.config.log.dir=/home/bizruntime/nifi/nifi-1.3.0/logs org.apache.nifi.NiFi 
2017-10-05 13:57:47,495 INFO [main] org.apache.nifi.bootstrap.Command Launched Apache NiFi with Process ID 6196
2017-10-05 13:57:48,208 INFO [NiFi Bootstrap Command Listener] org.apache.nifi.bootstrap.RunNiFi Apache NiFi now running and listening for Bootstrap requests on port 36018
2017-10-05 13:58:16,192 ERROR [NiFi logging handler] org.apache.nifi.StdErr Failed to start web server: Already closed or has not been started
2017-10-05 13:58:16,269 ERROR [NiFi logging handler] org.apache.nifi.StdErr Shutting down...
2017-10-05 13:58:16,848 INFO [main] org.apache.nifi.bootstrap.RunNiFi NiFi never started. Will not restart NiFi
2017-10-05 14:00:24,662 INFO [main] o.a.n.b.NotificationServiceManager Successfully loaded the following 0 services: []
2017-10-05 14:00:24,664 INFO [main] org.apache.nifi.bootstrap.RunNiFi Registered no Notification Services for Notification Type NIFI_STARTED
2017-10-05 14:00:24,664 INFO [main] org.apache.nifi.bootstrap.RunNiFi Registered no Notification Services for Notification Type NIFI_STOPPED
2017-10-05 14:00:24,665 INFO [main] org.apache.nifi.bootstrap.RunNiFi Registered no Notification Services for Notification Type NIFI_DIED
2017-10-05 14:00:24,726 INFO [main] org.apache.nifi.bootstrap.Command Starting Apache NiFi...
2017-10-05 14:00:24,726 INFO [main] org.apache.nifi.bootstrap.Command Working Directory: /home/bizruntime/nifi/nifi-1.3.0
2017-10-05 14:00:24,726 INFO [main] org.apache.nifi.bootstrap.Command Command: /usr/lib/jvm/java-8-oracle/bin/java -classpath /home/bizruntime/nifi/nifi-1.3.0/./conf:/home/bizruntime/nifi/nifi-1.3.0/./lib/nifi-framework-api-1.3.0.jar:/home/bizruntime/nifi/nifi-1.3.0/./lib/nifi-properties-1.3.0.jar:/home/bizruntime/nifi/nifi-1.3.0/./lib/jcl-over-slf4j-1.7.25.jar:/home/bizruntime/nifi/nifi-1.3.0/./lib/nifi-nar-utils-1.3.0.jar:/home/bizruntime/nifi/nifi-1.3.0/./lib/nifi-runtime-1.3.0.jar:/home/bizruntime/nifi/nifi-1.3.0/./lib/logback-classic-1.2.3.jar:/home/bizruntime/nifi/nifi-1.3.0/./lib/log4j-over-slf4j-1.7.25.jar:/home/bizruntime/nifi/nifi-1.3.0/./lib/nifi-api-1.3.0.jar:/home/bizruntime/nifi/nifi-1.3.0/./lib/jul-to-slf4j-1.7.25.jar:/home/bizruntime/nifi/nifi-1.3.0/./lib/jetty-schemas-3.1.jar:/home/bizruntime/nifi/nifi-1.3.0/./lib/javax.servlet-api-3.1.0.jar:/home/bizruntime/nifi/nifi-1.3.0/./lib/logback-core-1.2.3.jar:/home/bizruntime/nifi/nifi-1.3.0/./lib/slf4j-api-1.7.25.jar -Dorg.apache.jasper.compiler.disablejsr199=true -Xmx512m -Xms512m -Djava.security.egd=file:/dev/urandom -Dsun.net.http.allowRestrictedHeaders=true -Djava.net.preferIPv4Stack=true -Djava.awt.headless=true -XX:+UseG1GC -Djava.protocol.handler.pkgs=sun.net.www.protocol -Dnifi.properties.file.path=/home/bizruntime/nifi/nifi-1.3.0/./conf/nifi.properties -Dnifi.bootstrap.listen.port=45484 -Dapp=NiFi -Dorg.apache.nifi.bootstrap.config.log.dir=/home/bizruntime/nifi/nifi-1.3.0/logs org.apache.nifi.NiFi 
2017-10-05 14:00:24,751 INFO [main] org.apache.nifi.bootstrap.Command Launched Apache NiFi with Process ID 6319
2017-10-05 14:00:25,559 INFO [NiFi Bootstrap Command Listener] org.apache.nifi.bootstrap.RunNiFi Apache NiFi now running and listening for Bootstrap requests on port 35567
2017-10-05 14:00:45,621 INFO [main] o.a.n.b.NotificationServiceManager Successfully loaded the following 0 services: []
2017-10-05 14:00:45,629 INFO [main] org.apache.nifi.bootstrap.RunNiFi Registered no Notification Services for Notification Type NIFI_STARTED
2017-10-05 14:00:45,629 INFO [main] org.apache.nifi.bootstrap.RunNiFi Registered no Notification Services for Notification Type NIFI_STOPPED
2017-10-05 14:00:45,629 INFO [main] org.apache.nifi.bootstrap.RunNiFi Registered no Notification Services for Notification Type NIFI_DIED
2017-10-05 14:00:45,655 INFO [main] org.apache.nifi.bootstrap.Command Apache NiFi is currently running, listening to Bootstrap on port 35567, PID=6319
2017-10-05 14:00:52,897 ERROR [NiFi logging handler] org.apache.nifi.StdErr Failed to start web server: Already closed or has not been started
2017-10-05 14:00:52,933 ERROR [NiFi logging handler] org.apache.nifi.StdErr Shutting down...
2017-10-05 14:00:54,760 INFO [main] org.apache.nifi.bootstrap.RunNiFi NiFi never started. Will not restart NiFi
2017-10-05 14:01:18,156 INFO [main] o.a.n.b.NotificationServiceManager Successfully loaded the following 0 services: []
2017-10-05 14:01:18,158 INFO [main] org.apache.nifi.bootstrap.RunNiFi Registered no Notification Services for Notification Type NIFI_STARTED
2017-10-05 14:01:18,158 INFO [main] org.apache.nifi.bootstrap.RunNiFi Registered no Notification Services for Notification Type NIFI_STOPPED
2017-10-05 14:01:18,158 INFO [main] org.apache.nifi.bootstrap.RunNiFi Registered no Notification Services for Notification Type NIFI_DIED
2017-10-05 14:01:18,194 INFO [main] org.apache.nifi.bootstrap.Command Apache NiFi is not currently running
2017-10-05 14:01:21,660 INFO [main] o.a.n.b.NotificationServiceManager Successfully loaded the following 0 services: []
2017-10-05 14:01:21,662 INFO [main] org.apache.nifi.bootstrap.RunNiFi Registered no Notification Services for Notification Type NIFI_STARTED
2017-10-05 14:01:21,677 INFO [main] org.apache.nifi.bootstrap.RunNiFi Registered no Notification Services for Notification Type NIFI_STOPPED
2017-10-05 14:01:21,677 INFO [main] org.apache.nifi.bootstrap.RunNiFi Registered no Notification Services for Notification Type NIFI_DIED
2017-10-05 14:01:21,697 INFO [main] org.apache.nifi.bootstrap.Command Starting Apache NiFi...
2017-10-05 14:01:21,698 INFO [main] org.apache.nifi.bootstrap.Command Working Directory: /home/bizruntime/nifi/nifi-1.3.0
2017-10-05 14:01:21,698 INFO [main] org.apache.nifi.bootstrap.Command Command: /usr/lib/jvm/java-8-oracle/bin/java -classpath /home/bizruntime/nifi/nifi-1.3.0/./conf:/home/bizruntime/nifi/nifi-1.3.0/./lib/nifi-framework-api-1.3.0.jar:/home/bizruntime/nifi/nifi-1.3.0/./lib/nifi-properties-1.3.0.jar:/home/bizruntime/nifi/nifi-1.3.0/./lib/jcl-over-slf4j-1.7.25.jar:/home/bizruntime/nifi/nifi-1.3.0/./lib/nifi-nar-utils-1.3.0.jar:/home/bizruntime/nifi/nifi-1.3.0/./lib/nifi-runtime-1.3.0.jar:/home/bizruntime/nifi/nifi-1.3.0/./lib/logback-classic-1.2.3.jar:/home/bizruntime/nifi/nifi-1.3.0/./lib/log4j-over-slf4j-1.7.25.jar:/home/bizruntime/nifi/nifi-1.3.0/./lib/nifi-api-1.3.0.jar:/home/bizruntime/nifi/nifi-1.3.0/./lib/jul-to-slf4j-1.7.25.jar:/home/bizruntime/nifi/nifi-1.3.0/./lib/jetty-schemas-3.1.jar:/home/bizruntime/nifi/nifi-1.3.0/./lib/javax.servlet-api-3.1.0.jar:/home/bizruntime/nifi/nifi-1.3.0/./lib/logback-core-1.2.3.jar:/home/bizruntime/nifi/nifi-1.3.0/./lib/slf4j-api-1.7.25.jar -Dorg.apache.jasper.compiler.disablejsr199=true -Xmx512m -Xms512m -Djava.security.egd=file:/dev/urandom -Dsun.net.http.allowRestrictedHeaders=true -Djava.net.preferIPv4Stack=true -Djava.awt.headless=true -XX:+UseG1GC -Djava.protocol.handler.pkgs=sun.net.www.protocol -Dnifi.properties.file.path=/home/bizruntime/nifi/nifi-1.3.0/./conf/nifi.properties -Dnifi.bootstrap.listen.port=40779 -Dapp=NiFi -Dorg.apache.nifi.bootstrap.config.log.dir=/home/bizruntime/nifi/nifi-1.3.0/logs org.apache.nifi.NiFi 
2017-10-05 14:01:21,722 INFO [main] org.apache.nifi.bootstrap.Command Launched Apache NiFi with Process ID 6481
2017-10-05 14:01:22,557 INFO [NiFi Bootstrap Command Listener] org.apache.nifi.bootstrap.RunNiFi Apache NiFi now running and listening for Bootstrap requests on port 38175
2017-10-05 14:01:49,510 ERROR [NiFi logging handler] org.apache.nifi.StdErr Failed to start web server: Already closed or has not been started
2017-10-05 14:01:49,525 ERROR [NiFi logging handler] org.apache.nifi.StdErr Shutting down...
2017-10-05 14:01:50,771 INFO [main] org.apache.nifi.bootstrap.RunNiFi NiFi never started. Will not restart NiFi
2017-10-05 14:02:33,369 INFO [main] o.a.n.b.NotificationServiceManager Successfully loaded the following 0 services: []
2017-10-05 14:02:33,371 INFO [main] org.apache.nifi.bootstrap.RunNiFi Registered no Notification Services for Notification Type NIFI_STARTED
2017-10-05 14:02:33,371 INFO [main] org.apache.nifi.bootstrap.RunNiFi Registered no Notification Services for Notification Type NIFI_STOPPED
2017-10-05 14:02:33,371 INFO [main] org.apache.nifi.bootstrap.RunNiFi Registered no Notification Services for Notification Type NIFI_DIED
2017-10-05 14:02:33,398 INFO [main] org.apache.nifi.bootstrap.Command Apache NiFi is not running
2017-10-05 14:02:42,201 INFO [main] o.a.n.b.NotificationServiceManager Successfully loaded the following 0 services: []
2017-10-05 14:02:42,203 INFO [main] org.apache.nifi.bootstrap.RunNiFi Registered no Notification Services for Notification Type NIFI_STARTED
2017-10-05 14:02:42,203 INFO [main] org.apache.nifi.bootstrap.RunNiFi Registered no Notification Services for Notification Type NIFI_STOPPED
2017-10-05 14:02:42,203 INFO [main] org.apache.nifi.bootstrap.RunNiFi Registered no Notification Services for Notification Type NIFI_DIED
2017-10-05 14:02:42,218 INFO [main] org.apache.nifi.bootstrap.Command Apache NiFi is not currently running
2017-10-05 14:02:45,691 INFO [main] o.a.n.b.NotificationServiceManager Successfully loaded the following 0 services: []
2017-10-05 14:02:45,693 INFO [main] org.apache.nifi.bootstrap.RunNiFi Registered no Notification Services for Notification Type NIFI_STARTED
2017-10-05 14:02:45,693 INFO [main] org.apache.nifi.bootstrap.RunNiFi Registered no Notification Services for Notification Type NIFI_STOPPED
2017-10-05 14:02:45,693 INFO [main] org.apache.nifi.bootstrap.RunNiFi Registered no Notification Services for Notification Type NIFI_DIED
2017-10-05 14:02:45,717 INFO [main] org.apache.nifi.bootstrap.Command Starting Apache NiFi...
2017-10-05 14:02:45,718 INFO [main] org.apache.nifi.bootstrap.Command Working Directory: /home/bizruntime/nifi/nifi-1.3.0
2017-10-05 14:02:45,718 INFO [main] org.apache.nifi.bootstrap.Command Command: /usr/lib/jvm/java-8-oracle/bin/java -classpath /home/bizruntime/nifi/nifi-1.3.0/./conf:/home/bizruntime/nifi/nifi-1.3.0/./lib/nifi-framework-api-1.3.0.jar:/home/bizruntime/nifi/nifi-1.3.0/./lib/nifi-properties-1.3.0.jar:/home/bizruntime/nifi/nifi-1.3.0/./lib/jcl-over-slf4j-1.7.25.jar:/home/bizruntime/nifi/nifi-1.3.0/./lib/nifi-nar-utils-1.3.0.jar:/home/bizruntime/nifi/nifi-1.3.0/./lib/nifi-runtime-1.3.0.jar:/home/bizruntime/nifi/nifi-1.3.0/./lib/logback-classic-1.2.3.jar:/home/bizruntime/nifi/nifi-1.3.0/./lib/log4j-over-slf4j-1.7.25.jar:/home/bizruntime/nifi/nifi-1.3.0/./lib/nifi-api-1.3.0.jar:/home/bizruntime/nifi/nifi-1.3.0/./lib/jul-to-slf4j-1.7.25.jar:/home/bizruntime/nifi/nifi-1.3.0/./lib/jetty-schemas-3.1.jar:/home/bizruntime/nifi/nifi-1.3.0/./lib/javax.servlet-api-3.1.0.jar:/home/bizruntime/nifi/nifi-1.3.0/./lib/logback-core-1.2.3.jar:/home/bizruntime/nifi/nifi-1.3.0/./lib/slf4j-api-1.7.25.jar -Dorg.apache.jasper.compiler.disablejsr199=true -Xmx512m -Xms512m -Djava.security.egd=file:/dev/urandom -Dsun.net.http.allowRestrictedHeaders=true -Djava.net.preferIPv4Stack=true -Djava.awt.headless=true -XX:+UseG1GC -Djava.protocol.handler.pkgs=sun.net.www.protocol -Dnifi.properties.file.path=/home/bizruntime/nifi/nifi-1.3.0/./conf/nifi.properties -Dnifi.bootstrap.listen.port=43523 -Dapp=NiFi -Dorg.apache.nifi.bootstrap.config.log.dir=/home/bizruntime/nifi/nifi-1.3.0/logs org.apache.nifi.NiFi 
2017-10-05 14:02:45,731 INFO [main] org.apache.nifi.bootstrap.Command Launched Apache NiFi with Process ID 6651
2017-10-05 14:02:46,432 INFO [NiFi Bootstrap Command Listener] org.apache.nifi.bootstrap.RunNiFi Apache NiFi now running and listening for Bootstrap requests on port 44040
2017-10-05 14:03:13,861 ERROR [NiFi logging handler] org.apache.nifi.StdErr Failed to start web server: Already closed or has not been started
2017-10-05 14:03:13,901 ERROR [NiFi logging handler] org.apache.nifi.StdErr Shutting down...
2017-10-05 14:03:14,958 INFO [main] org.apache.nifi.bootstrap.RunNiFi NiFi never started. Will not restart NiFi
2017-10-05 14:06:22,920 INFO [main] o.a.n.b.NotificationServiceManager Successfully loaded the following 0 services: []
2017-10-05 14:06:22,922 INFO [main] org.apache.nifi.bootstrap.RunNiFi Registered no Notification Services for Notification Type NIFI_STARTED
2017-10-05 14:06:22,922 INFO [main] org.apache.nifi.bootstrap.RunNiFi Registered no Notification Services for Notification Type NIFI_STOPPED
2017-10-05 14:06:22,922 INFO [main] org.apache.nifi.bootstrap.RunNiFi Registered no Notification Services for Notification Type NIFI_DIED
2017-10-05 14:06:22,968 INFO [main] org.apache.nifi.bootstrap.Command Starting Apache NiFi...
2017-10-05 14:06:22,968 INFO [main] org.apache.nifi.bootstrap.Command Working Directory: /home/bizruntime/nifi/nifi-1.3.0
2017-10-05 14:06:22,968 INFO [main] org.apache.nifi.bootstrap.Command Command: /usr/lib/jvm/java-8-oracle/bin/java -classpath /home/bizruntime/nifi/nifi-1.3.0/./conf:/home/bizruntime/nifi/nifi-1.3.0/./lib/nifi-framework-api-1.3.0.jar:/home/bizruntime/nifi/nifi-1.3.0/./lib/nifi-properties-1.3.0.jar:/home/bizruntime/nifi/nifi-1.3.0/./lib/jcl-over-slf4j-1.7.25.jar:/home/bizruntime/nifi/nifi-1.3.0/./lib/nifi-nar-utils-1.3.0.jar:/home/bizruntime/nifi/nifi-1.3.0/./lib/nifi-runtime-1.3.0.jar:/home/bizruntime/nifi/nifi-1.3.0/./lib/logback-classic-1.2.3.jar:/home/bizruntime/nifi/nifi-1.3.0/./lib/log4j-over-slf4j-1.7.25.jar:/home/bizruntime/nifi/nifi-1.3.0/./lib/nifi-api-1.3.0.jar:/home/bizruntime/nifi/nifi-1.3.0/./lib/jul-to-slf4j-1.7.25.jar:/home/bizruntime/nifi/nifi-1.3.0/./lib/jetty-schemas-3.1.jar:/home/bizruntime/nifi/nifi-1.3.0/./lib/javax.servlet-api-3.1.0.jar:/home/bizruntime/nifi/nifi-1.3.0/./lib/logback-core-1.2.3.jar:/home/bizruntime/nifi/nifi-1.3.0/./lib/slf4j-api-1.7.25.jar -Dorg.apache.jasper.compiler.disablejsr199=true -Xmx512m -Xms512m -Djava.security.egd=file:/dev/urandom -Dsun.net.http.allowRestrictedHeaders=true -Djava.net.preferIPv4Stack=true -Djava.awt.headless=true -XX:+UseG1GC -Djava.protocol.handler.pkgs=sun.net.www.protocol -Dnifi.properties.file.path=/home/bizruntime/nifi/nifi-1.3.0/./conf/nifi.properties -Dnifi.bootstrap.listen.port=44655 -Dapp=NiFi -Dorg.apache.nifi.bootstrap.config.log.dir=/home/bizruntime/nifi/nifi-1.3.0/logs org.apache.nifi.NiFi 
2017-10-05 14:06:22,981 INFO [main] org.apache.nifi.bootstrap.Command Launched Apache NiFi with Process ID 6770
2017-10-05 14:06:23,694 INFO [NiFi Bootstrap Command Listener] org.apache.nifi.bootstrap.RunNiFi Apache NiFi now running and listening for Bootstrap requests on port 35838
2017-10-05 14:07:00,617 ERROR [NiFi logging handler] org.apache.nifi.StdErr Failed to start web server: Already closed or has not been started
2017-10-05 14:07:00,673 ERROR [NiFi logging handler] org.apache.nifi.StdErr Shutting down...
2017-10-05 14:07:01,992 INFO [main] org.apache.nifi.bootstrap.RunNiFi NiFi never started. Will not restart NiFi
2017-10-05 14:08:50,928 INFO [main] o.a.n.b.NotificationServiceManager Successfully loaded the following 0 services: []
2017-10-05 14:08:50,930 INFO [main] org.apache.nifi.bootstrap.RunNiFi Registered no Notification Services for Notification Type NIFI_STARTED
2017-10-05 14:08:50,930 INFO [main] org.apache.nifi.bootstrap.RunNiFi Registered no Notification Services for Notification Type NIFI_STOPPED
2017-10-05 14:08:50,930 INFO [main] org.apache.nifi.bootstrap.RunNiFi Registered no Notification Services for Notification Type NIFI_DIED
2017-10-05 14:08:50,970 INFO [main] org.apache.nifi.bootstrap.Command Apache NiFi is not currently running
2017-10-05 14:08:54,443 INFO [main] o.a.n.b.NotificationServiceManager Successfully loaded the following 0 services: []
2017-10-05 14:08:54,446 INFO [main] org.apache.nifi.bootstrap.RunNiFi Registered no Notification Services for Notification Type NIFI_STARTED
2017-10-05 14:08:54,446 INFO [main] org.apache.nifi.bootstrap.RunNiFi Registered no Notification Services for Notification Type NIFI_STOPPED
2017-10-05 14:08:54,446 INFO [main] org.apache.nifi.bootstrap.RunNiFi Registered no Notification Services for Notification Type NIFI_DIED
2017-10-05 14:08:54,466 INFO [main] org.apache.nifi.bootstrap.Command Starting Apache NiFi...
2017-10-05 14:08:54,466 INFO [main] org.apache.nifi.bootstrap.Command Working Directory: /home/bizruntime/nifi/nifi-1.3.0
2017-10-05 14:08:54,466 INFO [main] org.apache.nifi.bootstrap.Command Command: /usr/lib/jvm/java-8-oracle/bin/java -classpath /home/bizruntime/nifi/nifi-1.3.0/./conf:/home/bizruntime/nifi/nifi-1.3.0/./lib/nifi-framework-api-1.3.0.jar:/home/bizruntime/nifi/nifi-1.3.0/./lib/nifi-properties-1.3.0.jar:/home/bizruntime/nifi/nifi-1.3.0/./lib/jcl-over-slf4j-1.7.25.jar:/home/bizruntime/nifi/nifi-1.3.0/./lib/nifi-nar-utils-1.3.0.jar:/home/bizruntime/nifi/nifi-1.3.0/./lib/nifi-runtime-1.3.0.jar:/home/bizruntime/nifi/nifi-1.3.0/./lib/logback-classic-1.2.3.jar:/home/bizruntime/nifi/nifi-1.3.0/./lib/log4j-over-slf4j-1.7.25.jar:/home/bizruntime/nifi/nifi-1.3.0/./lib/nifi-api-1.3.0.jar:/home/bizruntime/nifi/nifi-1.3.0/./lib/jul-to-slf4j-1.7.25.jar:/home/bizruntime/nifi/nifi-1.3.0/./lib/jetty-schemas-3.1.jar:/home/bizruntime/nifi/nifi-1.3.0/./lib/javax.servlet-api-3.1.0.jar:/home/bizruntime/nifi/nifi-1.3.0/./lib/logback-core-1.2.3.jar:/home/bizruntime/nifi/nifi-1.3.0/./lib/slf4j-api-1.7.25.jar -Dorg.apache.jasper.compiler.disablejsr199=true -Xmx512m -Xms512m -Djava.security.egd=file:/dev/urandom -Dsun.net.http.allowRestrictedHeaders=true -Djava.net.preferIPv4Stack=true -Djava.awt.headless=true -XX:+UseG1GC -Djava.protocol.handler.pkgs=sun.net.www.protocol -Dnifi.properties.file.path=/home/bizruntime/nifi/nifi-1.3.0/./conf/nifi.properties -Dnifi.bootstrap.listen.port=36922 -Dapp=NiFi -Dorg.apache.nifi.bootstrap.config.log.dir=/home/bizruntime/nifi/nifi-1.3.0/logs org.apache.nifi.NiFi 
2017-10-05 14:08:54,494 INFO [main] org.apache.nifi.bootstrap.Command Launched Apache NiFi with Process ID 6968
2017-10-05 14:08:55,372 INFO [NiFi Bootstrap Command Listener] org.apache.nifi.bootstrap.RunNiFi Apache NiFi now running and listening for Bootstrap requests on port 43381
2017-10-05 14:09:22,616 ERROR [NiFi logging handler] org.apache.nifi.StdErr Failed to start web server: Already closed or has not been started
2017-10-05 14:09:22,703 ERROR [NiFi logging handler] org.apache.nifi.StdErr Shutting down...
2017-10-05 14:09:24,543 INFO [main] org.apache.nifi.bootstrap.RunNiFi NiFi never started. Will not restart NiFi
2017-10-05 14:17:55,020 INFO [main] o.a.n.b.NotificationServiceManager Successfully loaded the following 0 services: []
2017-10-05 14:17:55,022 INFO [main] org.apache.nifi.bootstrap.RunNiFi Registered no Notification Services for Notification Type NIFI_STARTED
2017-10-05 14:17:55,022 INFO [main] org.apache.nifi.bootstrap.RunNiFi Registered no Notification Services for Notification Type NIFI_STOPPED
2017-10-05 14:17:55,022 INFO [main] org.apache.nifi.bootstrap.RunNiFi Registered no Notification Services for Notification Type NIFI_DIED
2017-10-05 14:17:55,069 INFO [main] org.apache.nifi.bootstrap.Command Apache NiFi is not currently running
2017-10-05 14:17:58,565 INFO [main] o.a.n.b.NotificationServiceManager Successfully loaded the following 0 services: []
2017-10-05 14:17:58,567 INFO [main] org.apache.nifi.bootstrap.RunNiFi Registered no Notification Services for Notification Type NIFI_STARTED
2017-10-05 14:17:58,567 INFO [main] org.apache.nifi.bootstrap.RunNiFi Registered no Notification Services for Notification Type NIFI_STOPPED
2017-10-05 14:17:58,567 INFO [main] org.apache.nifi.bootstrap.RunNiFi Registered no Notification Services for Notification Type NIFI_DIED
2017-10-05 14:17:58,589 INFO [main] org.apache.nifi.bootstrap.Command Starting Apache NiFi...
2017-10-05 14:17:58,590 INFO [main] org.apache.nifi.bootstrap.Command Working Directory: /home/bizruntime/nifi/nifi-1.3.0
2017-10-05 14:17:58,590 INFO [main] org.apache.nifi.bootstrap.Command Command: /usr/lib/jvm/java-8-oracle/bin/java -classpath /home/bizruntime/nifi/nifi-1.3.0/./conf:/home/bizruntime/nifi/nifi-1.3.0/./lib/nifi-framework-api-1.3.0.jar:/home/bizruntime/nifi/nifi-1.3.0/./lib/nifi-properties-1.3.0.jar:/home/bizruntime/nifi/nifi-1.3.0/./lib/jcl-over-slf4j-1.7.25.jar:/home/bizruntime/nifi/nifi-1.3.0/./lib/nifi-nar-utils-1.3.0.jar:/home/bizruntime/nifi/nifi-1.3.0/./lib/nifi-runtime-1.3.0.jar:/home/bizruntime/nifi/nifi-1.3.0/./lib/logback-classic-1.2.3.jar:/home/bizruntime/nifi/nifi-1.3.0/./lib/log4j-over-slf4j-1.7.25.jar:/home/bizruntime/nifi/nifi-1.3.0/./lib/nifi-api-1.3.0.jar:/home/bizruntime/nifi/nifi-1.3.0/./lib/jul-to-slf4j-1.7.25.jar:/home/bizruntime/nifi/nifi-1.3.0/./lib/jetty-schemas-3.1.jar:/home/bizruntime/nifi/nifi-1.3.0/./lib/javax.servlet-api-3.1.0.jar:/home/bizruntime/nifi/nifi-1.3.0/./lib/logback-core-1.2.3.jar:/home/bizruntime/nifi/nifi-1.3.0/./lib/slf4j-api-1.7.25.jar -Dorg.apache.jasper.compiler.disablejsr199=true -Xmx512m -Xms512m -Djava.security.egd=file:/dev/urandom -Dsun.net.http.allowRestrictedHeaders=true -Djava.net.preferIPv4Stack=true -Djava.awt.headless=true -XX:+UseG1GC -Djava.protocol.handler.pkgs=sun.net.www.protocol -Dnifi.properties.file.path=/home/bizruntime/nifi/nifi-1.3.0/./conf/nifi.properties -Dnifi.bootstrap.listen.port=46304 -Dapp=NiFi -Dorg.apache.nifi.bootstrap.config.log.dir=/home/bizruntime/nifi/nifi-1.3.0/logs org.apache.nifi.NiFi 
2017-10-05 14:17:58,654 INFO [main] org.apache.nifi.bootstrap.Command Launched Apache NiFi with Process ID 7110
2017-10-05 14:17:59,783 INFO [NiFi Bootstrap Command Listener] org.apache.nifi.bootstrap.RunNiFi Apache NiFi now running and listening for Bootstrap requests on port 42453
2017-10-05 14:23:56,195 ERROR [NiFi logging handler] org.apache.nifi.StdErr Failed to start web server: Unable to load flow due to: java.io.IOException: org.apache.nifi.controller.UninheritableFlowException: Failed to connect node to cluster because local flow is different than cluster flow.
2017-10-05 14:23:56,239 ERROR [NiFi logging handler] org.apache.nifi.StdErr Shutting down...
2017-10-05 14:23:56,724 INFO [main] org.apache.nifi.bootstrap.RunNiFi NiFi never started. Will not restart NiFi
2017-10-05 14:31:07,373 INFO [main] o.a.n.b.NotificationServiceManager Successfully loaded the following 0 services: []
2017-10-05 14:31:07,375 INFO [main] org.apache.nifi.bootstrap.RunNiFi Registered no Notification Services for Notification Type NIFI_STARTED
2017-10-05 14:31:07,375 INFO [main] org.apache.nifi.bootstrap.RunNiFi Registered no Notification Services for Notification Type NIFI_STOPPED
2017-10-05 14:31:07,375 INFO [main] org.apache.nifi.bootstrap.RunNiFi Registered no Notification Services for Notification Type NIFI_DIED
2017-10-05 14:31:07,429 INFO [main] org.apache.nifi.bootstrap.Command Starting Apache NiFi...
2017-10-05 14:31:07,430 INFO [main] org.apache.nifi.bootstrap.Command Working Directory: /home/bizruntime/nifi/nifi-1.3.0
2017-10-05 14:31:07,430 INFO [main] org.apache.nifi.bootstrap.Command Command: /usr/lib/jvm/java-8-oracle/bin/java -classpath /home/bizruntime/nifi/nifi-1.3.0/./conf:/home/bizruntime/nifi/nifi-1.3.0/./lib/nifi-framework-api-1.3.0.jar:/home/bizruntime/nifi/nifi-1.3.0/./lib/nifi-properties-1.3.0.jar:/home/bizruntime/nifi/nifi-1.3.0/./lib/jcl-over-slf4j-1.7.25.jar:/home/bizruntime/nifi/nifi-1.3.0/./lib/nifi-nar-utils-1.3.0.jar:/home/bizruntime/nifi/nifi-1.3.0/./lib/nifi-runtime-1.3.0.jar:/home/bizruntime/nifi/nifi-1.3.0/./lib/logback-classic-1.2.3.jar:/home/bizruntime/nifi/nifi-1.3.0/./lib/log4j-over-slf4j-1.7.25.jar:/home/bizruntime/nifi/nifi-1.3.0/./lib/nifi-api-1.3.0.jar:/home/bizruntime/nifi/nifi-1.3.0/./lib/jul-to-slf4j-1.7.25.jar:/home/bizruntime/nifi/nifi-1.3.0/./lib/jetty-schemas-3.1.jar:/home/bizruntime/nifi/nifi-1.3.0/./lib/javax.servlet-api-3.1.0.jar:/home/bizruntime/nifi/nifi-1.3.0/./lib/logback-core-1.2.3.jar:/home/bizruntime/nifi/nifi-1.3.0/./lib/slf4j-api-1.7.25.jar -Dorg.apache.jasper.compiler.disablejsr199=true -Xmx512m -Xms512m -Djava.security.egd=file:/dev/urandom -Dsun.net.http.allowRestrictedHeaders=true -Djava.net.preferIPv4Stack=true -Djava.awt.headless=true -XX:+UseG1GC -Djava.protocol.handler.pkgs=sun.net.www.protocol -Dnifi.properties.file.path=/home/bizruntime/nifi/nifi-1.3.0/./conf/nifi.properties -Dnifi.bootstrap.listen.port=39960 -Dapp=NiFi -Dorg.apache.nifi.bootstrap.config.log.dir=/home/bizruntime/nifi/nifi-1.3.0/logs org.apache.nifi.NiFi 
2017-10-05 14:31:07,443 INFO [main] org.apache.nifi.bootstrap.Command Launched Apache NiFi with Process ID 7269
2017-10-05 14:31:08,164 INFO [NiFi Bootstrap Command Listener] org.apache.nifi.bootstrap.RunNiFi Apache NiFi now running and listening for Bootstrap requests on port 38624
2017-10-05 14:37:14,442 ERROR [NiFi logging handler] org.apache.nifi.StdErr Failed to start web server: Already closed or has not been started
2017-10-05 14:37:14,460 ERROR [NiFi logging handler] org.apache.nifi.StdErr Shutting down...
2017-10-05 14:37:15,514 INFO [main] org.apache.nifi.bootstrap.RunNiFi NiFi never started. Will not restart NiFi
2017-10-05 14:44:05,384 INFO [main] o.a.n.b.NotificationServiceManager Successfully loaded the following 0 services: []
2017-10-05 14:44:05,387 INFO [main] org.apache.nifi.bootstrap.RunNiFi Registered no Notification Services for Notification Type NIFI_STARTED
2017-10-05 14:44:05,387 INFO [main] org.apache.nifi.bootstrap.RunNiFi Registered no Notification Services for Notification Type NIFI_STOPPED
2017-10-05 14:44:05,387 INFO [main] org.apache.nifi.bootstrap.RunNiFi Registered no Notification Services for Notification Type NIFI_DIED
2017-10-05 14:44:05,430 INFO [main] org.apache.nifi.bootstrap.Command Apache NiFi is not currently running
2017-10-05 14:44:08,921 INFO [main] o.a.n.b.NotificationServiceManager Successfully loaded the following 0 services: []
2017-10-05 14:44:08,924 INFO [main] org.apache.nifi.bootstrap.RunNiFi Registered no Notification Services for Notification Type NIFI_STARTED
2017-10-05 14:44:08,924 INFO [main] org.apache.nifi.bootstrap.RunNiFi Registered no Notification Services for Notification Type NIFI_STOPPED
2017-10-05 14:44:08,924 INFO [main] org.apache.nifi.bootstrap.RunNiFi Registered no Notification Services for Notification Type NIFI_DIED
2017-10-05 14:44:08,945 INFO [main] org.apache.nifi.bootstrap.Command Starting Apache NiFi...
2017-10-05 14:44:08,946 INFO [main] org.apache.nifi.bootstrap.Command Working Directory: /home/bizruntime/nifi/nifi-1.3.0
2017-10-05 14:44:08,946 INFO [main] org.apache.nifi.bootstrap.Command Command: /usr/lib/jvm/java-8-oracle/bin/java -classpath /home/bizruntime/nifi/nifi-1.3.0/./conf:/home/bizruntime/nifi/nifi-1.3.0/./lib/nifi-framework-api-1.3.0.jar:/home/bizruntime/nifi/nifi-1.3.0/./lib/nifi-properties-1.3.0.jar:/home/bizruntime/nifi/nifi-1.3.0/./lib/jcl-over-slf4j-1.7.25.jar:/home/bizruntime/nifi/nifi-1.3.0/./lib/nifi-nar-utils-1.3.0.jar:/home/bizruntime/nifi/nifi-1.3.0/./lib/nifi-runtime-1.3.0.jar:/home/bizruntime/nifi/nifi-1.3.0/./lib/logback-classic-1.2.3.jar:/home/bizruntime/nifi/nifi-1.3.0/./lib/log4j-over-slf4j-1.7.25.jar:/home/bizruntime/nifi/nifi-1.3.0/./lib/nifi-api-1.3.0.jar:/home/bizruntime/nifi/nifi-1.3.0/./lib/jul-to-slf4j-1.7.25.jar:/home/bizruntime/nifi/nifi-1.3.0/./lib/jetty-schemas-3.1.jar:/home/bizruntime/nifi/nifi-1.3.0/./lib/javax.servlet-api-3.1.0.jar:/home/bizruntime/nifi/nifi-1.3.0/./lib/logback-core-1.2.3.jar:/home/bizruntime/nifi/nifi-1.3.0/./lib/slf4j-api-1.7.25.jar -Dorg.apache.jasper.compiler.disablejsr199=true -Xmx512m -Xms512m -Djava.security.egd=file:/dev/urandom -Dsun.net.http.allowRestrictedHeaders=true -Djava.net.preferIPv4Stack=true -Djava.awt.headless=true -XX:+UseG1GC -Djava.protocol.handler.pkgs=sun.net.www.protocol -Dnifi.properties.file.path=/home/bizruntime/nifi/nifi-1.3.0/./conf/nifi.properties -Dnifi.bootstrap.listen.port=41612 -Dapp=NiFi -Dorg.apache.nifi.bootstrap.config.log.dir=/home/bizruntime/nifi/nifi-1.3.0/logs org.apache.nifi.NiFi 
2017-10-05 14:44:08,964 INFO [main] org.apache.nifi.bootstrap.Command Launched Apache NiFi with Process ID 7511
2017-10-05 14:44:09,672 INFO [NiFi Bootstrap Command Listener] org.apache.nifi.bootstrap.RunNiFi Apache NiFi now running and listening for Bootstrap requests on port 37590
2017-10-05 14:44:38,667 ERROR [NiFi logging handler] org.apache.nifi.StdErr Failed to start web server: Already closed or has not been started
2017-10-05 14:44:38,722 ERROR [NiFi logging handler] org.apache.nifi.StdErr Shutting down...
2017-10-05 14:44:39,974 INFO [main] org.apache.nifi.bootstrap.RunNiFi NiFi never started. Will not restart NiFi
2017-10-05 14:45:22,876 INFO [main] o.a.n.b.NotificationServiceManager Successfully loaded the following 0 services: []
2017-10-05 14:45:22,878 INFO [main] org.apache.nifi.bootstrap.RunNiFi Registered no Notification Services for Notification Type NIFI_STARTED
2017-10-05 14:45:22,878 INFO [main] org.apache.nifi.bootstrap.RunNiFi Registered no Notification Services for Notification Type NIFI_STOPPED
2017-10-05 14:45:22,878 INFO [main] org.apache.nifi.bootstrap.RunNiFi Registered no Notification Services for Notification Type NIFI_DIED
2017-10-05 14:45:22,945 INFO [main] org.apache.nifi.bootstrap.Command Starting Apache NiFi...
2017-10-05 14:45:22,945 INFO [main] org.apache.nifi.bootstrap.Command Working Directory: /home/bizruntime/nifi/nifi-1.3.0
2017-10-05 14:45:22,945 INFO [main] org.apache.nifi.bootstrap.Command Command: /usr/lib/jvm/java-8-oracle/bin/java -classpath /home/bizruntime/nifi/nifi-1.3.0/./conf:/home/bizruntime/nifi/nifi-1.3.0/./lib/nifi-framework-api-1.3.0.jar:/home/bizruntime/nifi/nifi-1.3.0/./lib/nifi-properties-1.3.0.jar:/home/bizruntime/nifi/nifi-1.3.0/./lib/jcl-over-slf4j-1.7.25.jar:/home/bizruntime/nifi/nifi-1.3.0/./lib/nifi-nar-utils-1.3.0.jar:/home/bizruntime/nifi/nifi-1.3.0/./lib/nifi-runtime-1.3.0.jar:/home/bizruntime/nifi/nifi-1.3.0/./lib/logback-classic-1.2.3.jar:/home/bizruntime/nifi/nifi-1.3.0/./lib/log4j-over-slf4j-1.7.25.jar:/home/bizruntime/nifi/nifi-1.3.0/./lib/nifi-api-1.3.0.jar:/home/bizruntime/nifi/nifi-1.3.0/./lib/jul-to-slf4j-1.7.25.jar:/home/bizruntime/nifi/nifi-1.3.0/./lib/jetty-schemas-3.1.jar:/home/bizruntime/nifi/nifi-1.3.0/./lib/javax.servlet-api-3.1.0.jar:/home/bizruntime/nifi/nifi-1.3.0/./lib/logback-core-1.2.3.jar:/home/bizruntime/nifi/nifi-1.3.0/./lib/slf4j-api-1.7.25.jar -Dorg.apache.jasper.compiler.disablejsr199=true -Xmx512m -Xms512m -Djava.security.egd=file:/dev/urandom -Dsun.net.http.allowRestrictedHeaders=true -Djava.net.preferIPv4Stack=true -Djava.awt.headless=true -XX:+UseG1GC -Djava.protocol.handler.pkgs=sun.net.www.protocol -Dnifi.properties.file.path=/home/bizruntime/nifi/nifi-1.3.0/./conf/nifi.properties -Dnifi.bootstrap.listen.port=46876 -Dapp=NiFi -Dorg.apache.nifi.bootstrap.config.log.dir=/home/bizruntime/nifi/nifi-1.3.0/logs org.apache.nifi.NiFi 
2017-10-05 14:45:22,976 INFO [main] org.apache.nifi.bootstrap.Command Launched Apache NiFi with Process ID 7631
2017-10-05 14:45:23,833 INFO [NiFi Bootstrap Command Listener] org.apache.nifi.bootstrap.RunNiFi Apache NiFi now running and listening for Bootstrap requests on port 39582
2017-10-05 14:45:51,540 ERROR [NiFi logging handler] org.apache.nifi.StdErr Failed to start web server: Already closed or has not been started
2017-10-05 14:45:51,584 ERROR [NiFi logging handler] org.apache.nifi.StdErr Shutting down...
2017-10-05 14:45:53,161 INFO [main] org.apache.nifi.bootstrap.RunNiFi NiFi never started. Will not restart NiFi
2017-10-05 14:55:43,304 INFO [main] o.a.n.b.NotificationServiceManager Successfully loaded the following 0 services: []
2017-10-05 14:55:43,307 INFO [main] org.apache.nifi.bootstrap.RunNiFi Registered no Notification Services for Notification Type NIFI_STARTED
2017-10-05 14:55:43,307 INFO [main] org.apache.nifi.bootstrap.RunNiFi Registered no Notification Services for Notification Type NIFI_STOPPED
2017-10-05 14:55:43,307 INFO [main] org.apache.nifi.bootstrap.RunNiFi Registered no Notification Services for Notification Type NIFI_DIED
2017-10-05 14:55:43,357 INFO [main] org.apache.nifi.bootstrap.Command Starting Apache NiFi...
2017-10-05 14:55:43,358 INFO [main] org.apache.nifi.bootstrap.Command Working Directory: /home/bizruntime/nifi/nifi-1.3.0
2017-10-05 14:55:43,358 INFO [main] org.apache.nifi.bootstrap.Command Command: /usr/lib/jvm/java-8-oracle/bin/java -classpath /home/bizruntime/nifi/nifi-1.3.0/./conf:/home/bizruntime/nifi/nifi-1.3.0/./lib/nifi-framework-api-1.3.0.jar:/home/bizruntime/nifi/nifi-1.3.0/./lib/nifi-properties-1.3.0.jar:/home/bizruntime/nifi/nifi-1.3.0/./lib/jcl-over-slf4j-1.7.25.jar:/home/bizruntime/nifi/nifi-1.3.0/./lib/nifi-nar-utils-1.3.0.jar:/home/bizruntime/nifi/nifi-1.3.0/./lib/nifi-runtime-1.3.0.jar:/home/bizruntime/nifi/nifi-1.3.0/./lib/logback-classic-1.2.3.jar:/home/bizruntime/nifi/nifi-1.3.0/./lib/log4j-over-slf4j-1.7.25.jar:/home/bizruntime/nifi/nifi-1.3.0/./lib/nifi-api-1.3.0.jar:/home/bizruntime/nifi/nifi-1.3.0/./lib/jul-to-slf4j-1.7.25.jar:/home/bizruntime/nifi/nifi-1.3.0/./lib/jetty-schemas-3.1.jar:/home/bizruntime/nifi/nifi-1.3.0/./lib/javax.servlet-api-3.1.0.jar:/home/bizruntime/nifi/nifi-1.3.0/./lib/logback-core-1.2.3.jar:/home/bizruntime/nifi/nifi-1.3.0/./lib/slf4j-api-1.7.25.jar -Dorg.apache.jasper.compiler.disablejsr199=true -Xmx512m -Xms512m -Djava.security.egd=file:/dev/urandom -Dsun.net.http.allowRestrictedHeaders=true -Djava.net.preferIPv4Stack=true -Djava.awt.headless=true -XX:+UseG1GC -Djava.protocol.handler.pkgs=sun.net.www.protocol -Dnifi.properties.file.path=/home/bizruntime/nifi/nifi-1.3.0/./conf/nifi.properties -Dnifi.bootstrap.listen.port=41515 -Dapp=NiFi -Dorg.apache.nifi.bootstrap.config.log.dir=/home/bizruntime/nifi/nifi-1.3.0/logs org.apache.nifi.NiFi 
2017-10-05 14:55:43,391 INFO [main] org.apache.nifi.bootstrap.Command Launched Apache NiFi with Process ID 7755
2017-10-05 14:55:44,256 INFO [NiFi Bootstrap Command Listener] org.apache.nifi.bootstrap.RunNiFi Apache NiFi now running and listening for Bootstrap requests on port 42231
2017-10-05 14:56:12,862 ERROR [NiFi logging handler] org.apache.nifi.StdErr Failed to start web server: Already closed or has not been started
2017-10-05 14:56:12,900 ERROR [NiFi logging handler] org.apache.nifi.StdErr Shutting down...
2017-10-05 14:56:14,418 INFO [main] org.apache.nifi.bootstrap.RunNiFi NiFi never started. Will not restart NiFi
2017-10-05 15:03:28,338 INFO [main] o.a.n.b.NotificationServiceManager Successfully loaded the following 0 services: []
2017-10-05 15:03:28,340 INFO [main] org.apache.nifi.bootstrap.RunNiFi Registered no Notification Services for Notification Type NIFI_STARTED
2017-10-05 15:03:28,340 INFO [main] org.apache.nifi.bootstrap.RunNiFi Registered no Notification Services for Notification Type NIFI_STOPPED
2017-10-05 15:03:28,340 INFO [main] org.apache.nifi.bootstrap.RunNiFi Registered no Notification Services for Notification Type NIFI_DIED
2017-10-05 15:03:28,389 INFO [main] org.apache.nifi.bootstrap.Command Starting Apache NiFi...
2017-10-05 15:03:28,389 INFO [main] org.apache.nifi.bootstrap.Command Working Directory: /home/bizruntime/nifi/nifi-1.3.0
2017-10-05 15:03:28,389 INFO [main] org.apache.nifi.bootstrap.Command Command: /usr/lib/jvm/java-8-oracle/bin/java -classpath /home/bizruntime/nifi/nifi-1.3.0/./conf:/home/bizruntime/nifi/nifi-1.3.0/./lib/nifi-framework-api-1.3.0.jar:/home/bizruntime/nifi/nifi-1.3.0/./lib/nifi-properties-1.3.0.jar:/home/bizruntime/nifi/nifi-1.3.0/./lib/jcl-over-slf4j-1.7.25.jar:/home/bizruntime/nifi/nifi-1.3.0/./lib/nifi-nar-utils-1.3.0.jar:/home/bizruntime/nifi/nifi-1.3.0/./lib/nifi-runtime-1.3.0.jar:/home/bizruntime/nifi/nifi-1.3.0/./lib/logback-classic-1.2.3.jar:/home/bizruntime/nifi/nifi-1.3.0/./lib/log4j-over-slf4j-1.7.25.jar:/home/bizruntime/nifi/nifi-1.3.0/./lib/nifi-api-1.3.0.jar:/home/bizruntime/nifi/nifi-1.3.0/./lib/jul-to-slf4j-1.7.25.jar:/home/bizruntime/nifi/nifi-1.3.0/./lib/jetty-schemas-3.1.jar:/home/bizruntime/nifi/nifi-1.3.0/./lib/javax.servlet-api-3.1.0.jar:/home/bizruntime/nifi/nifi-1.3.0/./lib/logback-core-1.2.3.jar:/home/bizruntime/nifi/nifi-1.3.0/./lib/slf4j-api-1.7.25.jar -Dorg.apache.jasper.compiler.disablejsr199=true -Xmx512m -Xms512m -Djava.security.egd=file:/dev/urandom -Dsun.net.http.allowRestrictedHeaders=true -Djava.net.preferIPv4Stack=true -Djava.awt.headless=true -XX:+UseG1GC -Djava.protocol.handler.pkgs=sun.net.www.protocol -Dnifi.properties.file.path=/home/bizruntime/nifi/nifi-1.3.0/./conf/nifi.properties -Dnifi.bootstrap.listen.port=45608 -Dapp=NiFi -Dorg.apache.nifi.bootstrap.config.log.dir=/home/bizruntime/nifi/nifi-1.3.0/logs org.apache.nifi.NiFi 
2017-10-05 15:03:28,405 INFO [main] org.apache.nifi.bootstrap.Command Launched Apache NiFi with Process ID 7932
2017-10-05 15:03:29,125 INFO [NiFi Bootstrap Command Listener] org.apache.nifi.bootstrap.RunNiFi Apache NiFi now running and listening for Bootstrap requests on port 36514
2017-10-05 15:04:00,729 ERROR [NiFi logging handler] org.apache.nifi.StdErr Failed to start web server: Already closed or has not been started
2017-10-05 15:04:00,786 ERROR [NiFi logging handler] org.apache.nifi.StdErr Shutting down...
2017-10-05 15:04:02,592 INFO [main] org.apache.nifi.bootstrap.RunNiFi NiFi never started. Will not restart NiFi
2017-10-05 17:11:06,540 INFO [main] o.a.n.b.NotificationServiceManager Successfully loaded the following 0 services: []
2017-10-05 17:11:06,543 INFO [main] org.apache.nifi.bootstrap.RunNiFi Registered no Notification Services for Notification Type NIFI_STARTED
2017-10-05 17:11:06,543 INFO [main] org.apache.nifi.bootstrap.RunNiFi Registered no Notification Services for Notification Type NIFI_STOPPED
2017-10-05 17:11:06,543 INFO [main] org.apache.nifi.bootstrap.RunNiFi Registered no Notification Services for Notification Type NIFI_DIED
2017-10-05 17:11:06,603 INFO [main] org.apache.nifi.bootstrap.Command Starting Apache NiFi...
2017-10-05 17:11:06,604 INFO [main] org.apache.nifi.bootstrap.Command Working Directory: /home/bizruntime/nifi/nifi-1.3.0
2017-10-05 17:11:06,604 INFO [main] org.apache.nifi.bootstrap.Command Command: /usr/lib/jvm/java-8-oracle/bin/java -classpath /home/bizruntime/nifi/nifi-1.3.0/./conf:/home/bizruntime/nifi/nifi-1.3.0/./lib/nifi-framework-api-1.3.0.jar:/home/bizruntime/nifi/nifi-1.3.0/./lib/nifi-properties-1.3.0.jar:/home/bizruntime/nifi/nifi-1.3.0/./lib/jcl-over-slf4j-1.7.25.jar:/home/bizruntime/nifi/nifi-1.3.0/./lib/nifi-nar-utils-1.3.0.jar:/home/bizruntime/nifi/nifi-1.3.0/./lib/nifi-runtime-1.3.0.jar:/home/bizruntime/nifi/nifi-1.3.0/./lib/logback-classic-1.2.3.jar:/home/bizruntime/nifi/nifi-1.3.0/./lib/log4j-over-slf4j-1.7.25.jar:/home/bizruntime/nifi/nifi-1.3.0/./lib/nifi-api-1.3.0.jar:/home/bizruntime/nifi/nifi-1.3.0/./lib/jul-to-slf4j-1.7.25.jar:/home/bizruntime/nifi/nifi-1.3.0/./lib/jetty-schemas-3.1.jar:/home/bizruntime/nifi/nifi-1.3.0/./lib/javax.servlet-api-3.1.0.jar:/home/bizruntime/nifi/nifi-1.3.0/./lib/logback-core-1.2.3.jar:/home/bizruntime/nifi/nifi-1.3.0/./lib/slf4j-api-1.7.25.jar -Dorg.apache.jasper.compiler.disablejsr199=true -Xmx512m -Xms512m -Djava.security.egd=file:/dev/urandom -Dsun.net.http.allowRestrictedHeaders=true -Djava.net.preferIPv4Stack=true -Djava.awt.headless=true -XX:+UseG1GC -Djava.protocol.handler.pkgs=sun.net.www.protocol -Dnifi.properties.file.path=/home/bizruntime/nifi/nifi-1.3.0/./conf/nifi.properties -Dnifi.bootstrap.listen.port=44891 -Dapp=NiFi -Dorg.apache.nifi.bootstrap.config.log.dir=/home/bizruntime/nifi/nifi-1.3.0/logs org.apache.nifi.NiFi 
2017-10-05 17:11:06,622 INFO [main] org.apache.nifi.bootstrap.Command Launched Apache NiFi with Process ID 8067
2017-10-05 17:11:07,383 INFO [NiFi Bootstrap Command Listener] org.apache.nifi.bootstrap.RunNiFi Apache NiFi now running and listening for Bootstrap requests on port 45249
2017-10-05 17:12:13,126 ERROR [NiFi logging handler] org.apache.nifi.StdErr Failed to start web server: Unable to load flow due to: java.io.IOException: org.apache.nifi.controller.UninheritableFlowException: Failed to connect node to cluster because local flow is different than cluster flow.
2017-10-05 17:12:13,186 ERROR [NiFi logging handler] org.apache.nifi.StdErr Shutting down...
2017-10-05 17:12:13,669 INFO [main] org.apache.nifi.bootstrap.RunNiFi NiFi never started. Will not restart NiFi
2017-10-05 17:24:42,844 INFO [main] o.a.n.b.NotificationServiceManager Successfully loaded the following 0 services: []
2017-10-05 17:24:42,895 INFO [main] org.apache.nifi.bootstrap.RunNiFi Registered no Notification Services for Notification Type NIFI_STARTED
2017-10-05 17:24:42,895 INFO [main] org.apache.nifi.bootstrap.RunNiFi Registered no Notification Services for Notification Type NIFI_STOPPED
2017-10-05 17:24:42,895 INFO [main] org.apache.nifi.bootstrap.RunNiFi Registered no Notification Services for Notification Type NIFI_DIED
2017-10-05 17:24:43,377 INFO [main] org.apache.nifi.bootstrap.Command Starting Apache NiFi...
2017-10-05 17:24:43,377 INFO [main] org.apache.nifi.bootstrap.Command Working Directory: /home/bizruntime/nifi/nifi-1.3.0
2017-10-05 17:24:43,377 INFO [main] org.apache.nifi.bootstrap.Command Command: /usr/lib/jvm/java-8-oracle/bin/java -classpath /home/bizruntime/nifi/nifi-1.3.0/./conf:/home/bizruntime/nifi/nifi-1.3.0/./lib/nifi-framework-api-1.3.0.jar:/home/bizruntime/nifi/nifi-1.3.0/./lib/nifi-properties-1.3.0.jar:/home/bizruntime/nifi/nifi-1.3.0/./lib/jcl-over-slf4j-1.7.25.jar:/home/bizruntime/nifi/nifi-1.3.0/./lib/nifi-nar-utils-1.3.0.jar:/home/bizruntime/nifi/nifi-1.3.0/./lib/nifi-runtime-1.3.0.jar:/home/bizruntime/nifi/nifi-1.3.0/./lib/logback-classic-1.2.3.jar:/home/bizruntime/nifi/nifi-1.3.0/./lib/log4j-over-slf4j-1.7.25.jar:/home/bizruntime/nifi/nifi-1.3.0/./lib/nifi-api-1.3.0.jar:/home/bizruntime/nifi/nifi-1.3.0/./lib/jul-to-slf4j-1.7.25.jar:/home/bizruntime/nifi/nifi-1.3.0/./lib/jetty-schemas-3.1.jar:/home/bizruntime/nifi/nifi-1.3.0/./lib/javax.servlet-api-3.1.0.jar:/home/bizruntime/nifi/nifi-1.3.0/./lib/logback-core-1.2.3.jar:/home/bizruntime/nifi/nifi-1.3.0/./lib/slf4j-api-1.7.25.jar -Dorg.apache.jasper.compiler.disablejsr199=true -Xmx512m -Xms512m -Djava.security.egd=file:/dev/urandom -Dsun.net.http.allowRestrictedHeaders=true -Djava.net.preferIPv4Stack=true -Djava.awt.headless=true -XX:+UseG1GC -Djava.protocol.handler.pkgs=sun.net.www.protocol -Dnifi.properties.file.path=/home/bizruntime/nifi/nifi-1.3.0/./conf/nifi.properties -Dnifi.bootstrap.listen.port=45790 -Dapp=NiFi -Dorg.apache.nifi.bootstrap.config.log.dir=/home/bizruntime/nifi/nifi-1.3.0/logs org.apache.nifi.NiFi 
2017-10-05 17:24:43,618 INFO [main] org.apache.nifi.bootstrap.Command Launched Apache NiFi with Process ID 8217
2017-10-05 17:24:45,198 INFO [NiFi Bootstrap Command Listener] org.apache.nifi.bootstrap.RunNiFi Apache NiFi now running and listening for Bootstrap requests on port 40799
2017-10-05 17:29:18,224 ERROR [NiFi logging handler] org.apache.nifi.StdErr Failed to start web server: Unable to load flow due to: java.io.IOException: org.apache.nifi.controller.UninheritableFlowException: Failed to connect node to cluster because local flow is different than cluster flow.
2017-10-05 17:29:18,224 ERROR [NiFi logging handler] org.apache.nifi.StdErr Shutting down...
2017-10-05 17:29:18,656 INFO [main] org.apache.nifi.bootstrap.RunNiFi NiFi never started. Will not restart NiFi
2017-10-05 17:33:52,357 INFO [main] o.a.n.b.NotificationServiceManager Successfully loaded the following 0 services: []
2017-10-05 17:33:52,359 INFO [main] org.apache.nifi.bootstrap.RunNiFi Registered no Notification Services for Notification Type NIFI_STARTED
2017-10-05 17:33:52,359 INFO [main] org.apache.nifi.bootstrap.RunNiFi Registered no Notification Services for Notification Type NIFI_STOPPED
2017-10-05 17:33:52,359 INFO [main] org.apache.nifi.bootstrap.RunNiFi Registered no Notification Services for Notification Type NIFI_DIED
2017-10-05 17:33:52,417 INFO [main] org.apache.nifi.bootstrap.Command Starting Apache NiFi...
2017-10-05 17:33:52,418 INFO [main] org.apache.nifi.bootstrap.Command Working Directory: /home/bizruntime/nifi/nifi-1.3.0
2017-10-05 17:33:52,418 INFO [main] org.apache.nifi.bootstrap.Command Command: /usr/lib/jvm/java-8-oracle/bin/java -classpath /home/bizruntime/nifi/nifi-1.3.0/./conf:/home/bizruntime/nifi/nifi-1.3.0/./lib/nifi-framework-api-1.3.0.jar:/home/bizruntime/nifi/nifi-1.3.0/./lib/nifi-properties-1.3.0.jar:/home/bizruntime/nifi/nifi-1.3.0/./lib/jcl-over-slf4j-1.7.25.jar:/home/bizruntime/nifi/nifi-1.3.0/./lib/nifi-nar-utils-1.3.0.jar:/home/bizruntime/nifi/nifi-1.3.0/./lib/nifi-runtime-1.3.0.jar:/home/bizruntime/nifi/nifi-1.3.0/./lib/logback-classic-1.2.3.jar:/home/bizruntime/nifi/nifi-1.3.0/./lib/log4j-over-slf4j-1.7.25.jar:/home/bizruntime/nifi/nifi-1.3.0/./lib/nifi-api-1.3.0.jar:/home/bizruntime/nifi/nifi-1.3.0/./lib/jul-to-slf4j-1.7.25.jar:/home/bizruntime/nifi/nifi-1.3.0/./lib/jetty-schemas-3.1.jar:/home/bizruntime/nifi/nifi-1.3.0/./lib/javax.servlet-api-3.1.0.jar:/home/bizruntime/nifi/nifi-1.3.0/./lib/logback-core-1.2.3.jar:/home/bizruntime/nifi/nifi-1.3.0/./lib/slf4j-api-1.7.25.jar -Dorg.apache.jasper.compiler.disablejsr199=true -Xmx512m -Xms512m -Djava.security.egd=file:/dev/urandom -Dsun.net.http.allowRestrictedHeaders=true -Djava.net.preferIPv4Stack=true -Djava.awt.headless=true -XX:+UseG1GC -Djava.protocol.handler.pkgs=sun.net.www.protocol -Dnifi.properties.file.path=/home/bizruntime/nifi/nifi-1.3.0/./conf/nifi.properties -Dnifi.bootstrap.listen.port=44986 -Dapp=NiFi -Dorg.apache.nifi.bootstrap.config.log.dir=/home/bizruntime/nifi/nifi-1.3.0/logs org.apache.nifi.NiFi 
2017-10-05 17:33:52,451 INFO [main] org.apache.nifi.bootstrap.Command Launched Apache NiFi with Process ID 8423
2017-10-05 17:33:53,212 INFO [NiFi Bootstrap Command Listener] org.apache.nifi.bootstrap.RunNiFi Apache NiFi now running and listening for Bootstrap requests on port 33350
2017-10-05 18:14:53,299 INFO [main] o.a.n.b.NotificationServiceManager Successfully loaded the following 0 services: []
2017-10-05 18:14:53,310 INFO [main] org.apache.nifi.bootstrap.RunNiFi Registered no Notification Services for Notification Type NIFI_STARTED
2017-10-05 18:14:53,310 INFO [main] org.apache.nifi.bootstrap.RunNiFi Registered no Notification Services for Notification Type NIFI_STOPPED
2017-10-05 18:14:53,310 INFO [main] org.apache.nifi.bootstrap.RunNiFi Registered no Notification Services for Notification Type NIFI_DIED
2017-10-05 18:14:56,298 INFO [main] org.apache.nifi.bootstrap.Command Apache NiFi has accepted the Shutdown Command and is shutting down now
2017-10-05 18:14:56,343 INFO [main] org.apache.nifi.bootstrap.Command Waiting for Apache NiFi to finish shutting down...
2017-10-05 18:14:57,804 INFO [main] org.apache.nifi.bootstrap.RunNiFi A shutdown was initiated. Will not restart NiFi
2017-10-05 18:14:58,346 INFO [main] org.apache.nifi.bootstrap.Command NiFi has finished shutting down.
2017-10-05 18:15:01,861 INFO [main] o.a.n.b.NotificationServiceManager Successfully loaded the following 0 services: []
2017-10-05 18:15:01,864 INFO [main] org.apache.nifi.bootstrap.RunNiFi Registered no Notification Services for Notification Type NIFI_STARTED
2017-10-05 18:15:01,864 INFO [main] org.apache.nifi.bootstrap.RunNiFi Registered no Notification Services for Notification Type NIFI_STOPPED
2017-10-05 18:15:01,864 INFO [main] org.apache.nifi.bootstrap.RunNiFi Registered no Notification Services for Notification Type NIFI_DIED
2017-10-05 18:15:01,886 INFO [main] org.apache.nifi.bootstrap.Command Starting Apache NiFi...
2017-10-05 18:15:01,888 INFO [main] org.apache.nifi.bootstrap.Command Working Directory: /home/bizruntime/nifi/nifi-1.3.0
2017-10-05 18:15:01,888 INFO [main] org.apache.nifi.bootstrap.Command Command: /usr/lib/jvm/java-8-oracle/bin/java -classpath /home/bizruntime/nifi/nifi-1.3.0/./conf:/home/bizruntime/nifi/nifi-1.3.0/./lib/nifi-framework-api-1.3.0.jar:/home/bizruntime/nifi/nifi-1.3.0/./lib/nifi-properties-1.3.0.jar:/home/bizruntime/nifi/nifi-1.3.0/./lib/jcl-over-slf4j-1.7.25.jar:/home/bizruntime/nifi/nifi-1.3.0/./lib/nifi-nar-utils-1.3.0.jar:/home/bizruntime/nifi/nifi-1.3.0/./lib/nifi-runtime-1.3.0.jar:/home/bizruntime/nifi/nifi-1.3.0/./lib/logback-classic-1.2.3.jar:/home/bizruntime/nifi/nifi-1.3.0/./lib/log4j-over-slf4j-1.7.25.jar:/home/bizruntime/nifi/nifi-1.3.0/./lib/nifi-api-1.3.0.jar:/home/bizruntime/nifi/nifi-1.3.0/./lib/jul-to-slf4j-1.7.25.jar:/home/bizruntime/nifi/nifi-1.3.0/./lib/jetty-schemas-3.1.jar:/home/bizruntime/nifi/nifi-1.3.0/./lib/javax.servlet-api-3.1.0.jar:/home/bizruntime/nifi/nifi-1.3.0/./lib/logback-core-1.2.3.jar:/home/bizruntime/nifi/nifi-1.3.0/./lib/slf4j-api-1.7.25.jar -Dorg.apache.jasper.compiler.disablejsr199=true -Xmx512m -Xms512m -Djava.security.egd=file:/dev/urandom -Dsun.net.http.allowRestrictedHeaders=true -Djava.net.preferIPv4Stack=true -Djava.awt.headless=true -XX:+UseG1GC -Djava.protocol.handler.pkgs=sun.net.www.protocol -Dnifi.properties.file.path=/home/bizruntime/nifi/nifi-1.3.0/./conf/nifi.properties -Dnifi.bootstrap.listen.port=33579 -Dapp=NiFi -Dorg.apache.nifi.bootstrap.config.log.dir=/home/bizruntime/nifi/nifi-1.3.0/logs org.apache.nifi.NiFi 
2017-10-05 18:15:02,229 INFO [main] org.apache.nifi.bootstrap.Command Launched Apache NiFi with Process ID 9149
2017-10-05 18:15:03,327 INFO [NiFi Bootstrap Command Listener] org.apache.nifi.bootstrap.RunNiFi Apache NiFi now running and listening for Bootstrap requests on port 46225
