2017-10-09 13:43:18,198 ERROR [NiFi logging handler] org.apache.nifi.StdErr Shutting down...
2017-10-09 13:48:18,084 INFO [main] o.a.n.b.NotificationServiceManager Successfully loaded the following 0 services: []
2017-10-09 13:48:18,086 INFO [main] org.apache.nifi.bootstrap.RunNiFi Registered no Notification Services for Notification Type NIFI_STARTED
2017-10-09 13:48:18,087 INFO [main] org.apache.nifi.bootstrap.RunNiFi Registered no Notification Services for Notification Type NIFI_STOPPED
2017-10-09 13:48:18,087 INFO [main] org.apache.nifi.bootstrap.RunNiFi Registered no Notification Services for Notification Type NIFI_DIED
2017-10-09 13:48:18,138 INFO [main] org.apache.nifi.bootstrap.Command Apache NiFi is not running
2017-10-09 13:48:28,828 INFO [main] o.a.n.b.NotificationServiceManager Successfully loaded the following 0 services: []
2017-10-09 13:48:28,830 INFO [main] org.apache.nifi.bootstrap.RunNiFi Registered no Notification Services for Notification Type NIFI_STARTED
2017-10-09 13:48:28,830 INFO [main] org.apache.nifi.bootstrap.RunNiFi Registered no Notification Services for Notification Type NIFI_STOPPED
2017-10-09 13:48:28,830 INFO [main] org.apache.nifi.bootstrap.RunNiFi Registered no Notification Services for Notification Type NIFI_DIED
2017-10-09 13:48:28,853 INFO [main] org.apache.nifi.bootstrap.Command Starting Apache NiFi...
2017-10-09 13:48:28,853 INFO [main] org.apache.nifi.bootstrap.Command Working Directory: /home/bizruntime/nifi/nifi-1.3.0
2017-10-09 13:48:28,853 INFO [main] org.apache.nifi.bootstrap.Command Command: /usr/lib/jvm/java-8-oracle/bin/java -classpath /home/bizruntime/nifi/nifi-1.3.0/./conf:/home/bizruntime/nifi/nifi-1.3.0/./lib/nifi-framework-api-1.3.0.jar:/home/bizruntime/nifi/nifi-1.3.0/./lib/nifi-properties-1.3.0.jar:/home/bizruntime/nifi/nifi-1.3.0/./lib/jcl-over-slf4j-1.7.25.jar:/home/bizruntime/nifi/nifi-1.3.0/./lib/nifi-nar-utils-1.3.0.jar:/home/bizruntime/nifi/nifi-1.3.0/./lib/nifi-runtime-1.3.0.jar:/home/bizruntime/nifi/nifi-1.3.0/./lib/logback-classic-1.2.3.jar:/home/bizruntime/nifi/nifi-1.3.0/./lib/log4j-over-slf4j-1.7.25.jar:/home/bizruntime/nifi/nifi-1.3.0/./lib/nifi-api-1.3.0.jar:/home/bizruntime/nifi/nifi-1.3.0/./lib/jul-to-slf4j-1.7.25.jar:/home/bizruntime/nifi/nifi-1.3.0/./lib/jetty-schemas-3.1.jar:/home/bizruntime/nifi/nifi-1.3.0/./lib/javax.servlet-api-3.1.0.jar:/home/bizruntime/nifi/nifi-1.3.0/./lib/logback-core-1.2.3.jar:/home/bizruntime/nifi/nifi-1.3.0/./lib/slf4j-api-1.7.25.jar -Dorg.apache.jasper.compiler.disablejsr199=true -Xmx512m -Xms512m -Djava.security.egd=file:/dev/urandom -Dsun.net.http.allowRestrictedHeaders=true -Djava.net.preferIPv4Stack=true -Djava.awt.headless=true -XX:+UseG1GC -Djava.protocol.handler.pkgs=sun.net.www.protocol -Dnifi.properties.file.path=/home/bizruntime/nifi/nifi-1.3.0/./conf/nifi.properties -Dnifi.bootstrap.listen.port=37981 -Dapp=NiFi -Dorg.apache.nifi.bootstrap.config.log.dir=/home/bizruntime/nifi/nifi-1.3.0/logs org.apache.nifi.NiFi 
2017-10-09 13:48:28,879 INFO [main] org.apache.nifi.bootstrap.Command Launched Apache NiFi with Process ID 1346
2017-10-09 13:48:29,696 INFO [NiFi Bootstrap Command Listener] org.apache.nifi.bootstrap.RunNiFi Apache NiFi now running and listening for Bootstrap requests on port 33835
2017-10-09 13:48:57,662 ERROR [NiFi logging handler] org.apache.nifi.StdErr Failed to start web server: Unable to load flow due to: java.io.IOException: org.apache.nifi.cluster.ConnectionException: Failed to connect node to cluster due to: java.io.IOException: No space left on device
2017-10-09 13:48:57,680 ERROR [NiFi logging handler] org.apache.nifi.StdErr Shutting down...
2017-10-09 13:48:57,889 INFO [main] org.apache.nifi.bootstrap.RunNiFi NiFi never started. Will not restart NiFi
2017-10-09 13:51:39,033 INFO [main] o.a.n.b.NotificationServiceManager Successfully loaded the following 0 services: []
2017-10-09 13:51:39,043 INFO [main] org.apache.nifi.bootstrap.RunNiFi Registered no Notification Services for Notification Type NIFI_STARTED
2017-10-09 13:51:39,043 INFO [main] org.apache.nifi.bootstrap.RunNiFi Registered no Notification Services for Notification Type NIFI_STOPPED
2017-10-09 13:51:39,043 INFO [main] org.apache.nifi.bootstrap.RunNiFi Registered no Notification Services for Notification Type NIFI_DIED
2017-10-09 13:51:39,148 INFO [main] org.apache.nifi.bootstrap.Command Starting Apache NiFi...
2017-10-09 13:51:39,149 INFO [main] org.apache.nifi.bootstrap.Command Working Directory: /home/bizruntime/nifi/nifi-1.3.0
2017-10-09 13:51:39,149 INFO [main] org.apache.nifi.bootstrap.Command Command: /usr/lib/jvm/java-8-oracle/bin/java -classpath /home/bizruntime/nifi/nifi-1.3.0/./conf:/home/bizruntime/nifi/nifi-1.3.0/./lib/nifi-framework-api-1.3.0.jar:/home/bizruntime/nifi/nifi-1.3.0/./lib/nifi-properties-1.3.0.jar:/home/bizruntime/nifi/nifi-1.3.0/./lib/jcl-over-slf4j-1.7.25.jar:/home/bizruntime/nifi/nifi-1.3.0/./lib/nifi-nar-utils-1.3.0.jar:/home/bizruntime/nifi/nifi-1.3.0/./lib/nifi-runtime-1.3.0.jar:/home/bizruntime/nifi/nifi-1.3.0/./lib/logback-classic-1.2.3.jar:/home/bizruntime/nifi/nifi-1.3.0/./lib/log4j-over-slf4j-1.7.25.jar:/home/bizruntime/nifi/nifi-1.3.0/./lib/nifi-api-1.3.0.jar:/home/bizruntime/nifi/nifi-1.3.0/./lib/jul-to-slf4j-1.7.25.jar:/home/bizruntime/nifi/nifi-1.3.0/./lib/jetty-schemas-3.1.jar:/home/bizruntime/nifi/nifi-1.3.0/./lib/javax.servlet-api-3.1.0.jar:/home/bizruntime/nifi/nifi-1.3.0/./lib/logback-core-1.2.3.jar:/home/bizruntime/nifi/nifi-1.3.0/./lib/slf4j-api-1.7.25.jar -Dorg.apache.jasper.compiler.disablejsr199=true -Xmx512m -Xms512m -Djava.security.egd=file:/dev/urandom -Dsun.net.http.allowRestrictedHeaders=true -Djava.net.preferIPv4Stack=true -Djava.awt.headless=true -XX:+UseG1GC -Djava.protocol.handler.pkgs=sun.net.www.protocol -Dnifi.properties.file.path=/home/bizruntime/nifi/nifi-1.3.0/./conf/nifi.properties -Dnifi.bootstrap.listen.port=34175 -Dapp=NiFi -Dorg.apache.nifi.bootstrap.config.log.dir=/home/bizruntime/nifi/nifi-1.3.0/logs org.apache.nifi.NiFi 
2017-10-09 13:51:39,198 INFO [main] org.apache.nifi.bootstrap.Command Launched Apache NiFi with Process ID 1475
2017-10-09 13:51:40,024 INFO [NiFi Bootstrap Command Listener] org.apache.nifi.bootstrap.RunNiFi Apache NiFi now running and listening for Bootstrap requests on port 37012
